{"logTime": "0823/113454", "correlationVector":"NSj7ImWR85Uplm39CMeAZG.137","action":"GetUpdates", "result":"DeleteReceived", "context":{"id":"70d2c05b-e5bf-475c-ac8b-9bfb37423b4c", "isDeleted:":"true", "version":"1722434472927"}}
{"logTime": "0823/113454", "correlationVector":"NSj7ImWR85Uplm39CMeAZG.138","action":"GetUpdates", "result":"DeleteReceived", "context":{"id":"fba8920c-ace3-48bb-a6a7-71400e6abf2b", "isDeleted:":"true", "version":"1722434525416"}}
{"logTime": "0823/113454", "correlationVector":"NSj7ImWR85Uplm39CMeAZG.139","action":"GetUpdates", "result":"DeleteReceived", "context":{"id":"880b8a03-596a-4f54-b538-5ebdee52fd9a", "isDeleted:":"true", "version":"1722434875217"}}
{"logTime": "0823/113454", "correlationVector":"NSj7ImWR85Uplm39CMeAZG.140","action":"GetUpdates", "result":"DeleteReceived", "context":{"id":"73ee0f6b-26c5-4419-abf4-19bb02dc2168", "isDeleted:":"true", "version":"1722434875218"}}
{"logTime": "0823/113454", "correlationVector":"NSj7ImWR85Uplm39CMeAZG.141","action":"GetUpdates", "result":"DeleteReceived", "context":{"id":"2a64e353-d26f-4235-9d81-b402aab59be0", "isDeleted:":"true", "version":"1722435228664"}}
{"logTime": "0823/113454", "correlationVector":"NSj7ImWR85Uplm39CMeAZG.142","action":"GetUpdates", "result":"DeleteReceived", "context":{"id":"8378bde7-7d24-45c9-b72a-f6c552bec41d", "isDeleted:":"true", "version":"1722435324651"}}
{"logTime": "0823/113454", "correlationVector":"NSj7ImWR85Uplm39CMeAZG.143","action":"GetUpdates", "result":"DeleteReceived", "context":{"id":"00afa501-2914-48b7-a518-741061aa9972", "isDeleted:":"true", "version":"1722445227491"}}
{"logTime": "0823/113454", "correlationVector":"NSj7ImWR85Uplm39CMeAZG.144","action":"GetUpdates", "result":"DeleteReceived", "context":{"id":"9b6f74c5-3995-4a6f-a798-9ac953cfa385", "isDeleted:":"true", "version":"1722445937384"}}
{"logTime": "0823/113454", "correlationVector":"NSj7ImWR85Uplm39CMeAZG.145","action":"GetUpdates", "result":"DeleteReceived", "context":{"id":"cb9bdcc2-32af-4cf3-8617-91af96613e89", "isDeleted:":"true", "version":"1722448466464"}}
{"logTime": "0823/113454", "correlationVector":"NSj7ImWR85Uplm39CMeAZG.146","action":"GetUpdates", "result":"DeleteReceived", "context":{"id":"94eeb25b-caa2-4c11-b39f-05795e54c4d5", "isDeleted:":"true", "version":"1722448466466"}}
{"logTime": "0823/113454", "correlationVector":"NSj7ImWR85Uplm39CMeAZG.147","action":"GetUpdates", "result":"DeleteReceived", "context":{"id":"04b4a28a-fea5-4ea3-a061-5842b950e392", "isDeleted:":"true", "version":"1722448466467"}}
{"logTime": "0823/113454", "correlationVector":"NSj7ImWR85Uplm39CMeAZG.148","action":"GetUpdates", "result":"DeleteReceived", "context":{"id":"afeab8b2-098a-4cec-a561-96e5e87b0f23", "isDeleted:":"true", "version":"1722448466469"}}
{"logTime": "0823/113454", "correlationVector":"NSj7ImWR85Uplm39CMeAZG.149","action":"GetUpdates", "result":"DeleteReceived", "context":{"id":"710ed55c-adee-4622-a2bb-4819df2cc7c7", "isDeleted:":"true", "version":"1722448466470"}}
{"logTime": "0823/113454", "correlationVector":"NSj7ImWR85Uplm39CMeAZG.150","action":"GetUpdates", "result":"DeleteReceived", "context":{"id":"3070c754-d416-4c5d-a0f0-47d4f278576c", "isDeleted:":"true", "version":"1722448742987"}}
{"logTime": "0823/113454", "correlationVector":"NSj7ImWR85Uplm39CMeAZG.151","action":"GetUpdates", "result":"DeleteReceived", "context":{"id":"9ac2ea9b-2ba2-45dd-9344-ca40b2c2b1f3", "isDeleted:":"true", "version":"1722448818668"}}
{"logTime": "0823/113454", "correlationVector":"NSj7ImWR85Uplm39CMeAZG.152","action":"GetUpdates", "result":"DeleteReceived", "context":{"id":"c6582e10-362b-4c12-937e-8f296b475e4f", "isDeleted:":"true", "version":"1722448818670"}}
{"logTime": "0823/113454", "correlationVector":"NSj7ImWR85Uplm39CMeAZG.153","action":"GetUpdates", "result":"DeleteReceived", "context":{"id":"c24117ec-e3c8-46ef-8432-4fc762690584", "isDeleted:":"true", "version":"1722448818673"}}
{"logTime": "0823/113454", "correlationVector":"NSj7ImWR85Uplm39CMeAZG.154","action":"GetUpdates", "result":"DeleteReceived", "context":{"id":"64420ce0-533a-4018-b317-9bbe20000cb5", "isDeleted:":"true", "version":"1722448818674"}}
{"logTime": "0823/113454", "correlationVector":"NSj7ImWR85Uplm39CMeAZG.155","action":"GetUpdates", "result":"DeleteReceived", "context":{"id":"964d64af-4c02-4ec1-af5a-8310d7720c68", "isDeleted:":"true", "version":"1722449848652"}}
{"logTime": "0823/113454", "correlationVector":"NSj7ImWR85Uplm39CMeAZG.156","action":"GetUpdates", "result":"DeleteReceived", "context":{"id":"3c9da3f5-3d65-4b27-a746-e270fe0b6f8c", "isDeleted:":"true", "version":"1722449848653"}}
{"logTime": "0823/113454", "correlationVector":"NSj7ImWR85Uplm39CMeAZG.157","action":"GetUpdates", "result":"DeleteReceived", "context":{"id":"7edcdf57-5e51-4ae1-96ef-b596b2e5fb9a", "isDeleted:":"true", "version":"1722503046063"}}
{"logTime": "0823/113454", "correlationVector":"NSj7ImWR85Uplm39CMeAZG.158","action":"GetUpdates", "result":"DeleteReceived", "context":{"id":"0021bb73-d4a9-41c6-b047-3e58ba8a894d", "isDeleted:":"true", "version":"1722503046064"}}
{"logTime": "0823/113454", "correlationVector":"NSj7ImWR85Uplm39CMeAZG.159","action":"GetUpdates", "result":"DeleteReceived", "context":{"id":"cb9678f3-5e7b-4411-b0af-eb847f8bb258", "isDeleted:":"true", "version":"1722503046065"}}
{"logTime": "0823/113454", "correlationVector":"NSj7ImWR85Uplm39CMeAZG.160","action":"GetUpdates", "result":"DeleteReceived", "context":{"id":"e820f27c-faec-4199-83de-061e18041771", "isDeleted:":"true", "version":"1722503046066"}}
{"logTime": "0823/113454", "correlationVector":"NSj7ImWR85Uplm39CMeAZG.161","action":"GetUpdates", "result":"DeleteReceived", "context":{"id":"b82c0708-cab1-4217-b281-74d18aca42d4", "isDeleted:":"true", "version":"1722503046067"}}
{"logTime": "0823/113454", "correlationVector":"NSj7ImWR85Uplm39CMeAZG.162","action":"GetUpdates", "result":"DeleteReceived", "context":{"id":"52a863c1-965d-4de9-951a-6d7b7c4d8943", "isDeleted:":"true", "version":"1722503046068"}}
{"logTime": "0823/113454", "correlationVector":"NSj7ImWR85Uplm39CMeAZG.163","action":"GetUpdates", "result":"DeleteReceived", "context":{"id":"03c11d10-4d29-4682-aa72-b53ddf9dc452", "isDeleted:":"true", "version":"1722503046069"}}
{"logTime": "0823/113454", "correlationVector":"NSj7ImWR85Uplm39CMeAZG.164","action":"GetUpdates", "result":"DeleteReceived", "context":{"id":"83015f90-2406-4ec8-a6dd-441430dd87bb", "isDeleted:":"true", "version":"1722503046071"}}
{"logTime": "0823/113454", "correlationVector":"NSj7ImWR85Uplm39CMeAZG.165","action":"GetUpdates", "result":"DeleteReceived", "context":{"id":"a6da1463-d35d-44ca-8d30-dae2204db01f", "isDeleted:":"true", "version":"1722503046072"}}
{"logTime": "0823/113454", "correlationVector":"NSj7ImWR85Uplm39CMeAZG.166","action":"GetUpdates", "result":"DeleteReceived", "context":{"id":"4dc0d68b-94ec-463f-983e-b4a34e0d3330", "isDeleted:":"true", "version":"1722503794400"}}
{"logTime": "0823/113454", "correlationVector":"NSj7ImWR85Uplm39CMeAZG.167","action":"GetUpdates", "result":"DeleteReceived", "context":{"id":"f16c1fdf-940e-4e35-b5fe-c2fd4440cef3", "isDeleted:":"true", "version":"1722509341174"}}
{"logTime": "0823/113454", "correlationVector":"NSj7ImWR85Uplm39CMeAZG.168","action":"GetUpdates", "result":"DeleteReceived", "context":{"id":"bed51bda-90bf-4337-abe0-7b9c59c1e45a", "isDeleted:":"true", "version":"1722509599563"}}
{"logTime": "0823/113454", "correlationVector":"NSj7ImWR85Uplm39CMeAZG.169","action":"GetUpdates", "result":"DeleteReceived", "context":{"id":"86ba424d-820d-44fc-9478-50c593b158f3", "isDeleted:":"true", "version":"1722509698560"}}
{"logTime": "0823/113454", "correlationVector":"NSj7ImWR85Uplm39CMeAZG.170","action":"GetUpdates", "result":"DeleteReceived", "context":{"id":"2fee82a9-2856-436b-bf10-cbfdb0c3719e", "isDeleted:":"true", "version":"1722510079446"}}
{"logTime": "0823/113454", "correlationVector":"NSj7ImWR85Uplm39CMeAZG.171","action":"GetUpdates", "result":"DeleteReceived", "context":{"id":"8893c47e-2287-4c4d-a1d3-cc2767390d35", "isDeleted:":"true", "version":"1722510202287"}}
{"logTime": "0823/113454", "correlationVector":"NSj7ImWR85Uplm39CMeAZG.172","action":"GetUpdates", "result":"DeleteReceived", "context":{"id":"7c91a4fb-ef13-476a-8be5-313755a7a43c", "isDeleted:":"true", "version":"1722510413156"}}
{"logTime": "0823/113454", "correlationVector":"NSj7ImWR85Uplm39CMeAZG.173","action":"GetUpdates", "result":"DeleteReceived", "context":{"id":"03deb10a-6005-4b64-9591-d4f170980c00", "isDeleted:":"true", "version":"1722510735247"}}
{"logTime": "0823/113454", "correlationVector":"NSj7ImWR85Uplm39CMeAZG.174","action":"GetUpdates", "result":"DeleteReceived", "context":{"id":"b214c8c2-ffc9-4e0e-aa94-a9dbcda1f7a1", "isDeleted:":"true", "version":"1722514000540"}}
{"logTime": "0823/113454", "correlationVector":"NSj7ImWR85Uplm39CMeAZG.175","action":"GetUpdates", "result":"DeleteReceived", "context":{"id":"693d00f5-ed91-406d-b7b6-d3930d2af927", "isDeleted:":"true", "version":"1722514000542"}}
{"logTime": "0823/113454", "correlationVector":"NSj7ImWR85Uplm39CMeAZG.176","action":"GetUpdates", "result":"DeleteReceived", "context":{"id":"ce3a0a2b-1667-492d-b3f5-4f45252f1b96", "isDeleted:":"true", "version":"1722514100519"}}
{"logTime": "0823/113454", "correlationVector":"NSj7ImWR85Uplm39CMeAZG.177","action":"GetUpdates", "result":"DeleteReceived", "context":{"id":"4d64fc43-2e6e-4e4f-bec3-eb2c896c9f9f", "isDeleted:":"true", "version":"1722514100520"}}
{"logTime": "0823/113454", "correlationVector":"NSj7ImWR85Uplm39CMeAZG.178","action":"GetUpdates", "result":"DeleteReceived", "context":{"id":"1b76b8d4-3371-470a-a890-54ce1bdcfa30", "isDeleted:":"true", "version":"1722514647998"}}
{"logTime": "0823/113454", "correlationVector":"NSj7ImWR85Uplm39CMeAZG.179","action":"GetUpdates", "result":"DeleteReceived", "context":{"id":"e06d82b5-c0d4-484d-89cd-285c1e626566", "isDeleted:":"true", "version":"1722517751961"}}
{"logTime": "0823/113454", "correlationVector":"NSj7ImWR85Uplm39CMeAZG.180","action":"GetUpdates", "result":"DeleteReceived", "context":{"id":"1ae8e551-4e76-4542-80c7-20d1ecaecee0", "isDeleted:":"true", "version":"1722517751962"}}
{"logTime": "0823/113454", "correlationVector":"NSj7ImWR85Uplm39CMeAZG.181","action":"GetUpdates", "result":"DeleteReceived", "context":{"id":"3ad4445f-5b59-4d48-9334-04d48d0644a6", "isDeleted:":"true", "version":"1722527603466"}}
{"logTime": "0823/113454", "correlationVector":"NSj7ImWR85Uplm39CMeAZG.182","action":"GetUpdates", "result":"DeleteReceived", "context":{"id":"05377c60-1036-4f67-b435-641687de2520", "isDeleted:":"true", "version":"1722527603467"}}
{"logTime": "0823/113454", "correlationVector":"NSj7ImWR85Uplm39CMeAZG.183","action":"GetUpdates", "result":"DeleteReceived", "context":{"id":"1a5e4109-209f-4e40-a532-b3d16ac70519", "isDeleted:":"true", "version":"1722527603468"}}
{"logTime": "0823/113454", "correlationVector":"NSj7ImWR85Uplm39CMeAZG.184","action":"GetUpdates", "result":"DeleteReceived", "context":{"id":"ea6e7cf5-8341-4ab2-b12b-5abaf2c90265", "isDeleted:":"true", "version":"1722527603469"}}
{"logTime": "0823/113454", "correlationVector":"NSj7ImWR85Uplm39CMeAZG.185","action":"GetUpdates", "result":"DeleteReceived", "context":{"id":"e107de17-57a8-47c8-a4e4-62fecaf6c5e0", "isDeleted:":"true", "version":"1722527603470"}}
{"logTime": "0823/113454", "correlationVector":"NSj7ImWR85Uplm39CMeAZG.186","action":"GetUpdates", "result":"DeleteReceived", "context":{"id":"770c4169-18be-4fe9-8917-de4d221d87da", "isDeleted:":"true", "version":"1722527603472"}}
{"logTime": "0823/113454", "correlationVector":"NSj7ImWR85Uplm39CMeAZG.187","action":"GetUpdates", "result":"DeleteReceived", "context":{"id":"a1c2c7cd-e80a-4966-b5b1-cb3261b13489", "isDeleted:":"true", "version":"1722527603473"}}
{"logTime": "0823/113454", "correlationVector":"NSj7ImWR85Uplm39CMeAZG.188","action":"GetUpdates", "result":"DeleteReceived", "context":{"id":"fd49d01b-d83d-4e66-8f7a-a07ce8a48c8b", "isDeleted:":"true", "version":"1722527603474"}}
{"logTime": "0823/113454", "correlationVector":"NSj7ImWR85Uplm39CMeAZG.189","action":"GetUpdates", "result":"DeleteReceived", "context":{"id":"cfb97f9c-75c8-46e5-b9c5-006651fc3b39", "isDeleted:":"true", "version":"1722531052420"}}
{"logTime": "0823/113454", "correlationVector":"NSj7ImWR85Uplm39CMeAZG.190","action":"GetUpdates", "result":"DeleteReceived", "context":{"id":"6c368120-f941-4b40-90a0-ee1c9f5f956a", "isDeleted:":"true", "version":"1722531578744"}}
{"logTime": "0823/113454", "correlationVector":"NSj7ImWR85Uplm39CMeAZG.191","action":"GetUpdates", "result":"DeleteReceived", "context":{"id":"db977a96-67b4-4f0f-a2cd-85f92c0b25c9", "isDeleted:":"true", "version":"1722531578748"}}
{"logTime": "0823/113454", "correlationVector":"NSj7ImWR85Uplm39CMeAZG.192","action":"GetUpdates", "result":"DeleteReceived", "context":{"id":"99d14c5b-a58a-487a-89be-74d04ed2bab3", "isDeleted:":"true", "version":"1722532590997"}}
{"logTime": "0823/113454", "correlationVector":"NSj7ImWR85Uplm39CMeAZG.193","action":"GetUpdates", "result":"DeleteReceived", "context":{"id":"52265501-2174-4a59-bcc5-b8745b172061", "isDeleted:":"true", "version":"1722533307362"}}
{"logTime": "0823/113454", "correlationVector":"NSj7ImWR85Uplm39CMeAZG.194","action":"GetUpdates", "result":"DeleteReceived", "context":{"id":"2d9c4ad7-21ab-47fe-9336-8e1dcb931297", "isDeleted:":"true", "version":"1722533804390"}}
{"logTime": "0823/113454", "correlationVector":"NSj7ImWR85Uplm39CMeAZG.195","action":"GetUpdates", "result":"DeleteReceived", "context":{"id":"8d9fe27f-9a12-466e-a368-902ace2c0511", "isDeleted:":"true", "version":"1722534117908"}}
{"logTime": "0823/113454", "correlationVector":"NSj7ImWR85Uplm39CMeAZG.196","action":"GetUpdates", "result":"DeleteReceived", "context":{"id":"1056fb81-734a-4500-a047-0640c8c34ccc", "isDeleted:":"true", "version":"1722534774845"}}
{"logTime": "0823/113454", "correlationVector":"NSj7ImWR85Uplm39CMeAZG.197","action":"GetUpdates", "result":"DeleteReceived", "context":{"id":"bfe347e3-c4fb-4415-ba8b-74bd0ee7be0c", "isDeleted:":"true", "version":"1722534888255"}}
{"logTime": "0823/113454", "correlationVector":"NSj7ImWR85Uplm39CMeAZG.198","action":"GetUpdates", "result":"DeleteReceived", "context":{"id":"b3c594dc-be8a-4f12-a55a-2a835d5349cb", "isDeleted:":"true", "version":"1722535207939"}}
{"logTime": "0823/113454", "correlationVector":"NSj7ImWR85Uplm39CMeAZG.199","action":"GetUpdates", "result":"DeleteReceived", "context":{"id":"1e2172c4-40cf-48c0-93aa-a7f84168862f", "isDeleted:":"true", "version":"1722535207940"}}
{"logTime": "0823/113454", "correlationVector":"NSj7ImWR85Uplm39CMeAZG.200","action":"GetUpdates", "result":"DeleteReceived", "context":{"id":"91463b6b-ecb7-4d58-8ccb-1dd461ee3022", "isDeleted:":"true", "version":"1722535207944"}}
{"logTime": "0823/113454", "correlationVector":"NSj7ImWR85Uplm39CMeAZG.201","action":"GetUpdates", "result":"DeleteReceived", "context":{"id":"59d68e89-6f65-4584-8ddf-1efac749c2ad", "isDeleted:":"true", "version":"1722535207945"}}
{"logTime": "0823/113454", "correlationVector":"NSj7ImWR85Uplm39CMeAZG.202","action":"GetUpdates", "result":"DeleteReceived", "context":{"id":"5fb0fb72-78f5-4b65-9190-ab257bc98a5d", "isDeleted:":"true", "version":"1722535207946"}}
{"logTime": "0823/113454", "correlationVector":"NSj7ImWR85Uplm39CMeAZG.203","action":"GetUpdates", "result":"DeleteReceived", "context":{"id":"2ebd26da-5627-4c36-acb0-180af44ee31c", "isDeleted:":"true", "version":"1722537863029"}}
{"logTime": "0823/113454", "correlationVector":"NSj7ImWR85Uplm39CMeAZG.204","action":"GetUpdates", "result":"DeleteReceived", "context":{"id":"b390ed18-ca2a-400b-afa2-86dae4097187", "isDeleted:":"true", "version":"1722538927740"}}
{"logTime": "0823/113454", "correlationVector":"NSj7ImWR85Uplm39CMeAZG.205","action":"GetUpdates", "result":"DeleteReceived", "context":{"id":"eac825e3-9d8f-4cee-96e9-0142df938f9a", "isDeleted:":"true", "version":"1722539751022"}}
{"logTime": "0823/113454", "correlationVector":"NSj7ImWR85Uplm39CMeAZG.206","action":"GetUpdates", "result":"DeleteReceived", "context":{"id":"9bfb5e36-474e-4a1a-9887-33ca1271bf43", "isDeleted:":"true", "version":"1722540096483"}}
{"logTime": "0823/113454", "correlationVector":"NSj7ImWR85Uplm39CMeAZG.207","action":"GetUpdates", "result":"DeleteReceived", "context":{"id":"ea538533-5ef7-4f1e-969f-fc36f21153b4", "isDeleted:":"true", "version":"1722540173928"}}
{"logTime": "0823/113454", "correlationVector":"NSj7ImWR85Uplm39CMeAZG.208","action":"GetUpdates", "result":"DeleteReceived", "context":{"id":"97a095f6-c30f-4cf8-bc86-1a2fce9b6778", "isDeleted:":"true", "version":"1722540173929"}}
{"logTime": "0823/113454", "correlationVector":"NSj7ImWR85Uplm39CMeAZG.209","action":"GetUpdates", "result":"DeleteReceived", "context":{"id":"04dc032b-b321-41fc-bd36-2206221f6656", "isDeleted:":"true", "version":"1722540173930"}}
{"logTime": "0823/113454", "correlationVector":"NSj7ImWR85Uplm39CMeAZG.210","action":"GetUpdates", "result":"DeleteReceived", "context":{"id":"2399b7bb-67ba-49c1-be1b-3ce703385128", "isDeleted:":"true", "version":"1722541643056"}}
{"logTime": "0823/113454", "correlationVector":"NSj7ImWR85Uplm39CMeAZG.211","action":"GetUpdates", "result":"DeleteReceived", "context":{"id":"c0d115de-6ac7-435b-8095-7e379a90d5d2", "isDeleted:":"true", "version":"1722568290603"}}
{"logTime": "0823/113454", "correlationVector":"NSj7ImWR85Uplm39CMeAZG.212","action":"GetUpdates", "result":"DeleteReceived", "context":{"id":"c1cde51f-f2e9-42ec-97e3-27033b0a68da", "isDeleted:":"true", "version":"1722568446031"}}
{"logTime": "0823/113454", "correlationVector":"NSj7ImWR85Uplm39CMeAZG.213","action":"GetUpdates", "result":"DeleteReceived", "context":{"id":"bab0b84f-5ae9-4e48-9eaa-6eb43c16a4a5", "isDeleted:":"true", "version":"1722568613481"}}
{"logTime": "0823/113454", "correlationVector":"NSj7ImWR85Uplm39CMeAZG.214","action":"GetUpdates", "result":"DeleteReceived", "context":{"id":"fa6b3fab-8fc4-4ae9-806b-d3f7eb2631c9", "isDeleted:":"true", "version":"1722584486177"}}
{"logTime": "0823/113454", "correlationVector":"NSj7ImWR85Uplm39CMeAZG.215","action":"GetUpdates", "result":"DeleteReceived", "context":{"id":"cd9fc484-1819-496d-82bf-bd6f8fec854d", "isDeleted:":"true", "version":"1722584486178"}}
{"logTime": "0823/113454", "correlationVector":"NSj7ImWR85Uplm39CMeAZG.216","action":"GetUpdates", "result":"DeleteReceived", "context":{"id":"cba8b7eb-f9ad-4d70-b5e2-8b2eff55e428", "isDeleted:":"true", "version":"1722584486179"}}
{"logTime": "0823/113454", "correlationVector":"NSj7ImWR85Uplm39CMeAZG.217","action":"GetUpdates", "result":"DeleteReceived", "context":{"id":"9e3c1196-8b67-4354-8e24-d18624be9fe3", "isDeleted:":"true", "version":"1722584486180"}}
{"logTime": "0823/113454", "correlationVector":"NSj7ImWR85Uplm39CMeAZG.218","action":"GetUpdates", "result":"DeleteReceived", "context":{"id":"4aa5cf1c-9d3c-4032-a743-2d01868f9587", "isDeleted:":"true", "version":"1722584486181"}}
{"logTime": "0823/113454", "correlationVector":"NSj7ImWR85Uplm39CMeAZG.219","action":"GetUpdates", "result":"DeleteReceived", "context":{"id":"b243923b-8709-4bae-9e80-866d9407e1df", "isDeleted:":"true", "version":"1722584486183"}}
{"logTime": "0823/113454", "correlationVector":"NSj7ImWR85Uplm39CMeAZG.220","action":"GetUpdates", "result":"DeleteReceived", "context":{"id":"9dca0158-d1d7-48fb-a489-c22939c8208b", "isDeleted:":"true", "version":"1722584486184"}}
{"logTime": "0823/113454", "correlationVector":"NSj7ImWR85Uplm39CMeAZG.221","action":"GetUpdates", "result":"DeleteReceived", "context":{"id":"02b76da6-ede4-4e4e-af42-db32693ed7eb", "isDeleted:":"true", "version":"1722584486185"}}
{"logTime": "0823/113454", "correlationVector":"NSj7ImWR85Uplm39CMeAZG.222","action":"GetUpdates", "result":"DeleteReceived", "context":{"id":"252c5f3e-ff2b-411e-b769-7878a6227c55", "isDeleted:":"true", "version":"1722584486186"}}
{"logTime": "0823/113454", "correlationVector":"NSj7ImWR85Uplm39CMeAZG.223","action":"GetUpdates", "result":"DeleteReceived", "context":{"id":"96497aa9-9bbc-4024-96c0-7fee4a007f95", "isDeleted:":"true", "version":"1722584853755"}}
{"logTime": "0823/113454", "correlationVector":"NSj7ImWR85Uplm39CMeAZG.224","action":"GetUpdates", "result":"DeleteReceived", "context":{"id":"3d972d28-98b6-44c1-9c68-01aebca4fdfa", "isDeleted:":"true", "version":"1722663796631"}}
{"logTime": "0823/113454", "correlationVector":"NSj7ImWR85Uplm39CMeAZG.225","action":"GetUpdates", "result":"DeleteReceived", "context":{"id":"f61bbc2c-1940-4470-b481-4bd947cf5d52", "isDeleted:":"true", "version":"1722663796632"}}
{"logTime": "0823/113454", "correlationVector":"NSj7ImWR85Uplm39CMeAZG.226","action":"GetUpdates", "result":"DeleteReceived", "context":{"id":"9ecd8381-67e3-4b99-8e4e-324c413ebbf9", "isDeleted:":"true", "version":"1722663796633"}}
{"logTime": "0823/113454", "correlationVector":"NSj7ImWR85Uplm39CMeAZG.227","action":"GetUpdates Response", "result":"Success", "context":Received 250 update(s). cV=NSj7ImWR85Uplm39CMeAZG.0;server=GENERAL01000005;cloudType=Consumer;environment=Prod_SoutheastAsia_000j;migrationStage=NotStarted Some updates remain.}
{"logTime": "0823/113454", "correlationVector":"GortMARBuwYDhr0/o/Pkby","action":"Initial GetUpdates", "result":"", "context":Reason: NEWLY_SUPPORTED_DATATYPE. cV=GortMARBuwYDhr0/o/Pkby}
{"logTime": "0823/113455", "correlationVector":"GortMARBuwYDhr0/o/Pkby.1","action":"SyncServerConnectionManagerRequest", "result":"SYNC_SERVER_OK", "context":{"environment":"Prod_SoutheastAsia_000j", "migrationStage":"NotStarted", "server":"GENERAL01000012"}}
{"logTime": "0823/113455", "correlationVector":"GortMARBuwYDhr0/o/Pkby.2","action":"GetUpdates", "result":"DeleteReceived", "context":{"id":"e9fb0f1f-fdca-46d2-9bf7-10b28346a715", "isDeleted:":"true", "version":"1722663796635"}}
{"logTime": "0823/113455", "correlationVector":"GortMARBuwYDhr0/o/Pkby.3","action":"GetUpdates", "result":"DeleteReceived", "context":{"id":"2fbc0e54-46b8-4ca4-8ec4-8a76fac99ec7", "isDeleted:":"true", "version":"1722695126126"}}
{"logTime": "0823/113455", "correlationVector":"GortMARBuwYDhr0/o/Pkby.4","action":"GetUpdates", "result":"DeleteReceived", "context":{"id":"1de8e8d5-d54c-40e9-827e-1e24bb318fa6", "isDeleted:":"true", "version":"1722695157194"}}
{"logTime": "0823/113455", "correlationVector":"GortMARBuwYDhr0/o/Pkby.5","action":"GetUpdates", "result":"DeleteReceived", "context":{"id":"c4f58a20-bfaa-439f-9586-9aff98a0c238", "isDeleted:":"true", "version":"1722695332231"}}
{"logTime": "0823/113455", "correlationVector":"GortMARBuwYDhr0/o/Pkby.6","action":"GetUpdates", "result":"DeleteReceived", "context":{"id":"cbd8c5c6-c462-4aaa-a26d-d0b042040f09", "isDeleted:":"true", "version":"1722695332234"}}
{"logTime": "0823/113455", "correlationVector":"GortMARBuwYDhr0/o/Pkby.7","action":"GetUpdates", "result":"DeleteReceived", "context":{"id":"beb1e964-f8ea-49e9-9cd7-4dae87805cf2", "isDeleted:":"true", "version":"1722696160187"}}
{"logTime": "0823/113455", "correlationVector":"GortMARBuwYDhr0/o/Pkby.8","action":"GetUpdates", "result":"DeleteReceived", "context":{"id":"4d71b12e-cefd-4c14-a9c3-687a6490fb85", "isDeleted:":"true", "version":"1722697305656"}}
{"logTime": "0823/113455", "correlationVector":"GortMARBuwYDhr0/o/Pkby.9","action":"GetUpdates", "result":"DeleteReceived", "context":{"id":"24456643-8039-4939-98dd-595970d7ef41", "isDeleted:":"true", "version":"1722697544695"}}
{"logTime": "0823/113455", "correlationVector":"GortMARBuwYDhr0/o/Pkby.10","action":"GetUpdates", "result":"DeleteReceived", "context":{"id":"d7b1e4a1-b474-4a81-a39d-ebc61ac2f68e", "isDeleted:":"true", "version":"1722697950570"}}
{"logTime": "0823/113455", "correlationVector":"GortMARBuwYDhr0/o/Pkby.11","action":"GetUpdates", "result":"DeleteReceived", "context":{"id":"bff23bef-d23b-47e5-b5c5-6181546648b9", "isDeleted:":"true", "version":"1722699306642"}}
{"logTime": "0823/113455", "correlationVector":"GortMARBuwYDhr0/o/Pkby.12","action":"GetUpdates", "result":"DeleteReceived", "context":{"id":"994ad72f-b67f-49bf-9a68-98337995df79", "isDeleted:":"true", "version":"1722699643520"}}
{"logTime": "0823/113455", "correlationVector":"GortMARBuwYDhr0/o/Pkby.13","action":"GetUpdates", "result":"DeleteReceived", "context":{"id":"620d656a-596c-4139-acb9-97f77ce9c878", "isDeleted:":"true", "version":"1722700000185"}}
{"logTime": "0823/113455", "correlationVector":"GortMARBuwYDhr0/o/Pkby.14","action":"GetUpdates", "result":"DeleteReceived", "context":{"id":"0186600b-4d19-4bf7-8d50-7cd27464c229", "isDeleted:":"true", "version":"1722700107296"}}
{"logTime": "0823/113455", "correlationVector":"GortMARBuwYDhr0/o/Pkby.15","action":"GetUpdates", "result":"DeleteReceived", "context":{"id":"63454c88-2186-44df-b204-6ca8e4ad7f32", "isDeleted:":"true", "version":"1722700268690"}}
{"logTime": "0823/113455", "correlationVector":"GortMARBuwYDhr0/o/Pkby.16","action":"GetUpdates", "result":"DeleteReceived", "context":{"id":"2ffb42f3-166c-4458-a2fd-eaa0e886e985", "isDeleted:":"true", "version":"1722700333608"}}
{"logTime": "0823/113455", "correlationVector":"GortMARBuwYDhr0/o/Pkby.17","action":"GetUpdates", "result":"DeleteReceived", "context":{"id":"ddb45ca0-d40d-4223-b3b7-b1f53ca08818", "isDeleted:":"true", "version":"1722700613536"}}
{"logTime": "0823/113455", "correlationVector":"GortMARBuwYDhr0/o/Pkby.18","action":"GetUpdates", "result":"DeleteReceived", "context":{"id":"6cd6f1bb-fcbe-4d12-9e96-df313a4b774c", "isDeleted:":"true", "version":"1722701559766"}}
{"logTime": "0823/113455", "correlationVector":"GortMARBuwYDhr0/o/Pkby.19","action":"GetUpdates", "result":"DeleteReceived", "context":{"id":"34bf4aa8-4828-49cd-a161-242d2f1794f7", "isDeleted:":"true", "version":"1722701923960"}}
{"logTime": "0823/113455", "correlationVector":"GortMARBuwYDhr0/o/Pkby.20","action":"GetUpdates", "result":"DeleteReceived", "context":{"id":"7faf0a1c-f070-494b-9f92-2e5babb70997", "isDeleted:":"true", "version":"1722763546912"}}
{"logTime": "0823/113455", "correlationVector":"GortMARBuwYDhr0/o/Pkby.21","action":"GetUpdates", "result":"DeleteReceived", "context":{"id":"cbdfc53c-4daf-4f6a-9458-aa850cb23032", "isDeleted:":"true", "version":"1722763546913"}}
{"logTime": "0823/113455", "correlationVector":"GortMARBuwYDhr0/o/Pkby.22","action":"GetUpdates", "result":"DeleteReceived", "context":{"id":"a4c66264-8b9b-4953-8684-c406689ab067", "isDeleted:":"true", "version":"1722763546914"}}
{"logTime": "0823/113455", "correlationVector":"GortMARBuwYDhr0/o/Pkby.23","action":"GetUpdates", "result":"DeleteReceived", "context":{"id":"824b3734-c910-407a-a365-7861a2a319d7", "isDeleted:":"true", "version":"1722763546915"}}
{"logTime": "0823/113455", "correlationVector":"GortMARBuwYDhr0/o/Pkby.24","action":"GetUpdates", "result":"DeleteReceived", "context":{"id":"e347331e-06f5-42aa-af31-2858a9e1fac5", "isDeleted:":"true", "version":"1722763546916"}}
{"logTime": "0823/113455", "correlationVector":"GortMARBuwYDhr0/o/Pkby.25","action":"GetUpdates", "result":"DeleteReceived", "context":{"id":"b5e6ae2c-543e-4014-ae0d-500b299ebad3", "isDeleted:":"true", "version":"1722763546917"}}
{"logTime": "0823/113455", "correlationVector":"GortMARBuwYDhr0/o/Pkby.26","action":"GetUpdates", "result":"DeleteReceived", "context":{"id":"1f936418-20cc-4107-a6e2-6220880fb280", "isDeleted:":"true", "version":"1722763546919"}}
{"logTime": "0823/113455", "correlationVector":"GortMARBuwYDhr0/o/Pkby.27","action":"GetUpdates", "result":"DeleteReceived", "context":{"id":"a2803500-bd55-4b6d-b8fd-f7d92ff6d340", "isDeleted:":"true", "version":"1722763546920"}}
{"logTime": "0823/113455", "correlationVector":"GortMARBuwYDhr0/o/Pkby.28","action":"GetUpdates", "result":"DeleteReceived", "context":{"id":"af559446-6e70-45d1-a7f7-a17aade895b9", "isDeleted:":"true", "version":"1722763546922"}}
{"logTime": "0823/113455", "correlationVector":"GortMARBuwYDhr0/o/Pkby.29","action":"GetUpdates", "result":"DeleteReceived", "context":{"id":"57835335-bf12-44a3-94a2-6124b3e72b00", "isDeleted:":"true", "version":"1722764590411"}}
{"logTime": "0823/113455", "correlationVector":"GortMARBuwYDhr0/o/Pkby.30","action":"GetUpdates", "result":"DeleteReceived", "context":{"id":"68165960-3a0d-4cd2-bbd3-47ca9493dbad", "isDeleted:":"true", "version":"1722765876100"}}
{"logTime": "0823/113455", "correlationVector":"GortMARBuwYDhr0/o/Pkby.31","action":"GetUpdates", "result":"DeleteReceived", "context":{"id":"22d2d874-28d4-4b1d-ab18-4c6659b1f756", "isDeleted:":"true", "version":"1722765876104"}}
{"logTime": "0823/113455", "correlationVector":"GortMARBuwYDhr0/o/Pkby.32","action":"GetUpdates", "result":"DeleteReceived", "context":{"id":"6c995628-19c0-461f-95c9-f4a0137dac92", "isDeleted:":"true", "version":"1722765909853"}}
{"logTime": "0823/113455", "correlationVector":"GortMARBuwYDhr0/o/Pkby.33","action":"GetUpdates", "result":"DeleteReceived", "context":{"id":"7dc56400-4a7a-4bc6-a0be-dc0e1e0ee800", "isDeleted:":"true", "version":"1722766858592"}}
{"logTime": "0823/113455", "correlationVector":"GortMARBuwYDhr0/o/Pkby.34","action":"GetUpdates", "result":"DeleteReceived", "context":{"id":"de76db11-a608-4e5e-9750-1c632e1ef54c", "isDeleted:":"true", "version":"1722769098663"}}
{"logTime": "0823/113455", "correlationVector":"GortMARBuwYDhr0/o/Pkby.35","action":"GetUpdates", "result":"DeleteReceived", "context":{"id":"5eaf1894-34bd-4f13-8b11-e4c060bda881", "isDeleted:":"true", "version":"1722769280736"}}
{"logTime": "0823/113455", "correlationVector":"GortMARBuwYDhr0/o/Pkby.36","action":"GetUpdates", "result":"DeleteReceived", "context":{"id":"cf9da0f5-95ec-404d-adfe-499f24f8b7a5", "isDeleted:":"true", "version":"1722769604863"}}
{"logTime": "0823/113455", "correlationVector":"GortMARBuwYDhr0/o/Pkby.37","action":"GetUpdates", "result":"DeleteReceived", "context":{"id":"384001de-ee59-41cc-9530-3941a3381bcd", "isDeleted:":"true", "version":"1722769916182"}}
{"logTime": "0823/113455", "correlationVector":"GortMARBuwYDhr0/o/Pkby.38","action":"GetUpdates", "result":"DeleteReceived", "context":{"id":"2c8d30bb-b7c0-4484-9de1-f0238a3c577b", "isDeleted:":"true", "version":"1722792488401"}}
{"logTime": "0823/113455", "correlationVector":"GortMARBuwYDhr0/o/Pkby.39","action":"GetUpdates", "result":"DeleteReceived", "context":{"id":"1a13505e-5a2b-469b-85d3-79001afe0eb8", "isDeleted:":"true", "version":"1722792488402"}}
{"logTime": "0823/113455", "correlationVector":"GortMARBuwYDhr0/o/Pkby.40","action":"GetUpdates", "result":"DeleteReceived", "context":{"id":"c144199d-ff9f-4a4b-8f30-a3da21740f95", "isDeleted:":"true", "version":"1722792488403"}}
{"logTime": "0823/113455", "correlationVector":"GortMARBuwYDhr0/o/Pkby.41","action":"GetUpdates", "result":"DeleteReceived", "context":{"id":"d95b0974-a531-4017-bd74-e1dd41ac0669", "isDeleted:":"true", "version":"1722792488404"}}
{"logTime": "0823/113455", "correlationVector":"GortMARBuwYDhr0/o/Pkby.42","action":"GetUpdates", "result":"DeleteReceived", "context":{"id":"0d7422cc-9dc8-451a-a760-b4e1cb39f187", "isDeleted:":"true", "version":"1722792488405"}}
{"logTime": "0823/113455", "correlationVector":"GortMARBuwYDhr0/o/Pkby.43","action":"GetUpdates", "result":"DeleteReceived", "context":{"id":"d54c5e9e-d866-4cb8-aabc-3dd65a5d07fb", "isDeleted:":"true", "version":"1722792488407"}}
{"logTime": "0823/113455", "correlationVector":"GortMARBuwYDhr0/o/Pkby.44","action":"GetUpdates", "result":"DeleteReceived", "context":{"id":"48eadc91-05d2-47f2-b18f-f7b84e5d9517", "isDeleted:":"true", "version":"1722792488408"}}
{"logTime": "0823/113455", "correlationVector":"GortMARBuwYDhr0/o/Pkby.45","action":"GetUpdates", "result":"DeleteReceived", "context":{"id":"d7f742fd-a531-462c-94cf-2a22d0cfd1f8", "isDeleted:":"true", "version":"1722792488409"}}
{"logTime": "0823/113455", "correlationVector":"GortMARBuwYDhr0/o/Pkby.46","action":"GetUpdates", "result":"DeleteReceived", "context":{"id":"4da7bd07-b5fa-4a74-b683-0b760c82a2b3", "isDeleted:":"true", "version":"1722792488410"}}
{"logTime": "0823/113455", "correlationVector":"GortMARBuwYDhr0/o/Pkby.47","action":"GetUpdates", "result":"DeleteReceived", "context":{"id":"4049a83e-1085-4f69-8719-a8b039440b0e", "isDeleted:":"true", "version":"1722792511507"}}
{"logTime": "0823/113455", "correlationVector":"GortMARBuwYDhr0/o/Pkby.48","action":"GetUpdates", "result":"DeleteReceived", "context":{"id":"25201a39-1ab0-4eb8-83e6-9231c02b2a9b", "isDeleted:":"true", "version":"1722792541934"}}
{"logTime": "0823/113455", "correlationVector":"GortMARBuwYDhr0/o/Pkby.49","action":"GetUpdates", "result":"DeleteReceived", "context":{"id":"5b0722f1-c266-4cbb-b5db-5924abf7dfd7", "isDeleted:":"true", "version":"1722792541935"}}
{"logTime": "0823/113455", "correlationVector":"GortMARBuwYDhr0/o/Pkby.50","action":"GetUpdates", "result":"DeleteReceived", "context":{"id":"c0d22e25-c789-488a-9de1-49cd9fdc6cf3", "isDeleted:":"true", "version":"1722792541937"}}
{"logTime": "0823/113455", "correlationVector":"GortMARBuwYDhr0/o/Pkby.51","action":"GetUpdates", "result":"DeleteReceived", "context":{"id":"c4115366-1312-4beb-b27f-01ce719e47d0", "isDeleted:":"true", "version":"1722795265896"}}
{"logTime": "0823/113455", "correlationVector":"GortMARBuwYDhr0/o/Pkby.52","action":"GetUpdates", "result":"DeleteReceived", "context":{"id":"997d3287-f16e-4bf7-b337-9e77cef0182c", "isDeleted:":"true", "version":"1722795265898"}}
{"logTime": "0823/113455", "correlationVector":"GortMARBuwYDhr0/o/Pkby.53","action":"GetUpdates", "result":"DeleteReceived", "context":{"id":"ddd76080-85e7-432d-9295-98726d614190", "isDeleted:":"true", "version":"1722829441817"}}
{"logTime": "0823/113455", "correlationVector":"GortMARBuwYDhr0/o/Pkby.54","action":"GetUpdates", "result":"DeleteReceived", "context":{"id":"5332c0a9-5d88-499d-b4f1-c5d1bf2a86f3", "isDeleted:":"true", "version":"1722829441818"}}
{"logTime": "0823/113455", "correlationVector":"GortMARBuwYDhr0/o/Pkby.55","action":"GetUpdates", "result":"DeleteReceived", "context":{"id":"eeaa8a57-64bd-447c-9662-82b40198c543", "isDeleted:":"true", "version":"1722829441819"}}
{"logTime": "0823/113455", "correlationVector":"GortMARBuwYDhr0/o/Pkby.56","action":"GetUpdates", "result":"DeleteReceived", "context":{"id":"f1ec8bcd-45fd-488b-9ace-86914e128bd3", "isDeleted:":"true", "version":"1722830853753"}}
{"logTime": "0823/113455", "correlationVector":"GortMARBuwYDhr0/o/Pkby.57","action":"GetUpdates", "result":"DeleteReceived", "context":{"id":"99cc19b8-12d8-40bb-a072-7cd3c73ecdaa", "isDeleted:":"true", "version":"1722830853755"}}
{"logTime": "0823/113455", "correlationVector":"GortMARBuwYDhr0/o/Pkby.58","action":"GetUpdates", "result":"DeleteReceived", "context":{"id":"f8cf73a2-57c5-4401-b8f1-fe9dbb93d758", "isDeleted:":"true", "version":"1722865634340"}}
{"logTime": "0823/113455", "correlationVector":"GortMARBuwYDhr0/o/Pkby.59","action":"GetUpdates", "result":"DeleteReceived", "context":{"id":"f582f922-9c24-4b44-9725-6e8a06c51be3", "isDeleted:":"true", "version":"1722865634341"}}
{"logTime": "0823/113455", "correlationVector":"GortMARBuwYDhr0/o/Pkby.60","action":"GetUpdates", "result":"DeleteReceived", "context":{"id":"c02385fd-d936-42ce-80e6-2d84887801d5", "isDeleted:":"true", "version":"1722879308148"}}
{"logTime": "0823/113455", "correlationVector":"GortMARBuwYDhr0/o/Pkby.61","action":"GetUpdates", "result":"DeleteReceived", "context":{"id":"cd58798e-6e02-441b-8aec-e58978cc0360", "isDeleted:":"true", "version":"1722880647668"}}
{"logTime": "0823/113455", "correlationVector":"GortMARBuwYDhr0/o/Pkby.62","action":"GetUpdates", "result":"DeleteReceived", "context":{"id":"6000160e-5b5a-4b17-98cb-0dfe364ef862", "isDeleted:":"true", "version":"1722880647669"}}
{"logTime": "0823/113455", "correlationVector":"GortMARBuwYDhr0/o/Pkby.63","action":"GetUpdates", "result":"DeleteReceived", "context":{"id":"4d609b85-bc12-4f17-8cc2-fe1b8bf4b1b8", "isDeleted:":"true", "version":"1722880647672"}}
{"logTime": "0823/113455", "correlationVector":"GortMARBuwYDhr0/o/Pkby.64","action":"GetUpdates", "result":"DeleteReceived", "context":{"id":"3765bffa-c74c-4738-bdfd-931768cd4106", "isDeleted:":"true", "version":"1722880647673"}}
{"logTime": "0823/113455", "correlationVector":"GortMARBuwYDhr0/o/Pkby.65","action":"GetUpdates", "result":"DeleteReceived", "context":{"id":"5eafac87-f834-4390-8317-9cb53451b307", "isDeleted:":"true", "version":"1722880689039"}}
{"logTime": "0823/113455", "correlationVector":"GortMARBuwYDhr0/o/Pkby.66","action":"GetUpdates", "result":"DeleteReceived", "context":{"id":"462c7330-9292-439c-b205-c60094045086", "isDeleted:":"true", "version":"1722882257424"}}
{"logTime": "0823/113455", "correlationVector":"GortMARBuwYDhr0/o/Pkby.67","action":"GetUpdates", "result":"DeleteReceived", "context":{"id":"9c3e8399-8ba2-459a-8c18-d797b37ad1c4", "isDeleted:":"true", "version":"1722884484865"}}
{"logTime": "0823/113455", "correlationVector":"GortMARBuwYDhr0/o/Pkby.68","action":"GetUpdates", "result":"DeleteReceived", "context":{"id":"e7d21334-a7c9-4640-87da-effc701c4b08", "isDeleted:":"true", "version":"1722936956929"}}
{"logTime": "0823/113455", "correlationVector":"GortMARBuwYDhr0/o/Pkby.69","action":"GetUpdates", "result":"DeleteReceived", "context":{"id":"ffd8aa6e-249a-43be-9f93-ee9b940ef52d", "isDeleted:":"true", "version":"1722936956931"}}
{"logTime": "0823/113455", "correlationVector":"GortMARBuwYDhr0/o/Pkby.70","action":"GetUpdates", "result":"DeleteReceived", "context":{"id":"dd3c5079-4c01-4301-88e3-77d00eefc96f", "isDeleted:":"true", "version":"1722936956933"}}
{"logTime": "0823/113455", "correlationVector":"GortMARBuwYDhr0/o/Pkby.71","action":"GetUpdates", "result":"DeleteReceived", "context":{"id":"fc4eba94-efef-4381-81e0-23a381e8880b", "isDeleted:":"true", "version":"1722936956934"}}
{"logTime": "0823/113455", "correlationVector":"GortMARBuwYDhr0/o/Pkby.72","action":"GetUpdates", "result":"DeleteReceived", "context":{"id":"de754487-45cd-4723-b58b-c1ab75829dd2", "isDeleted:":"true", "version":"1722936956935"}}
{"logTime": "0823/113455", "correlationVector":"GortMARBuwYDhr0/o/Pkby.73","action":"GetUpdates", "result":"DeleteReceived", "context":{"id":"dae2d8e8-6d0e-40e2-a316-7d5447271739", "isDeleted:":"true", "version":"1722937075864"}}
{"logTime": "0823/113455", "correlationVector":"GortMARBuwYDhr0/o/Pkby.74","action":"GetUpdates", "result":"DeleteReceived", "context":{"id":"eb1057ac-52d3-4c9e-9d27-62e1d7c1e5cd", "isDeleted:":"true", "version":"1722937622216"}}
{"logTime": "0823/113455", "correlationVector":"GortMARBuwYDhr0/o/Pkby.75","action":"GetUpdates", "result":"DeleteReceived", "context":{"id":"6264665c-1682-4997-b514-5c989bb56e12", "isDeleted:":"true", "version":"1722937817923"}}
{"logTime": "0823/113455", "correlationVector":"GortMARBuwYDhr0/o/Pkby.76","action":"GetUpdates", "result":"DeleteReceived", "context":{"id":"d78a179f-a735-469a-b4bf-a03584456c22", "isDeleted:":"true", "version":"1722954380621"}}
{"logTime": "0823/113455", "correlationVector":"GortMARBuwYDhr0/o/Pkby.77","action":"GetUpdates", "result":"DeleteReceived", "context":{"id":"8edbfe5a-b0ed-419e-9c51-7c18c0d0ea18", "isDeleted:":"true", "version":"1722954380622"}}
{"logTime": "0823/113455", "correlationVector":"GortMARBuwYDhr0/o/Pkby.78","action":"GetUpdates", "result":"DeleteReceived", "context":{"id":"36dacfc1-a848-448b-bcd8-1434d63353e4", "isDeleted:":"true", "version":"1722954380623"}}
{"logTime": "0823/113455", "correlationVector":"GortMARBuwYDhr0/o/Pkby.79","action":"GetUpdates", "result":"DeleteReceived", "context":{"id":"6dcd3287-abea-401e-8fa2-93a49f276d07", "isDeleted:":"true", "version":"1722954380625"}}
{"logTime": "0823/113455", "correlationVector":"GortMARBuwYDhr0/o/Pkby.80","action":"GetUpdates", "result":"DeleteReceived", "context":{"id":"2af293e9-74a4-4d97-a4cc-b6892b144320", "isDeleted:":"true", "version":"1723116489611"}}
{"logTime": "0823/113455", "correlationVector":"GortMARBuwYDhr0/o/Pkby.81","action":"GetUpdates", "result":"DeleteReceived", "context":{"id":"f35151fa-ceb3-41fe-a50e-892774b73c76", "isDeleted:":"true", "version":"1723117361717"}}
{"logTime": "0823/113455", "correlationVector":"GortMARBuwYDhr0/o/Pkby.82","action":"GetUpdates", "result":"DeleteReceived", "context":{"id":"0c3d1029-8119-4308-82c4-7e6c13784954", "isDeleted:":"true", "version":"1723117361719"}}
{"logTime": "0823/113455", "correlationVector":"GortMARBuwYDhr0/o/Pkby.83","action":"GetUpdates", "result":"DeleteReceived", "context":{"id":"d8ae5a92-553c-4050-b041-8a36e5254aaa", "isDeleted:":"true", "version":"1723128190245"}}
{"logTime": "0823/113455", "correlationVector":"GortMARBuwYDhr0/o/Pkby.84","action":"GetUpdates", "result":"DeleteReceived", "context":{"id":"fc86b579-2a69-46de-bbda-0938f3876eea", "isDeleted:":"true", "version":"1723128190247"}}
{"logTime": "0823/113455", "correlationVector":"GortMARBuwYDhr0/o/Pkby.85","action":"GetUpdates", "result":"DeleteReceived", "context":{"id":"7fe76bf8-410d-4971-8604-5dcf5070663e", "isDeleted:":"true", "version":"1723128190249"}}
{"logTime": "0823/113455", "correlationVector":"GortMARBuwYDhr0/o/Pkby.86","action":"GetUpdates", "result":"DeleteReceived", "context":{"id":"4e394f07-81f7-4fe6-b50f-5389666f35d2", "isDeleted:":"true", "version":"1723128190250"}}
{"logTime": "0823/113455", "correlationVector":"GortMARBuwYDhr0/o/Pkby.87","action":"GetUpdates", "result":"DeleteReceived", "context":{"id":"bf28f4d2-ac87-4192-aa23-46024906fb5f", "isDeleted:":"true", "version":"1723128237526"}}
{"logTime": "0823/113455", "correlationVector":"GortMARBuwYDhr0/o/Pkby.88","action":"GetUpdates", "result":"DeleteReceived", "context":{"id":"22f40156-c051-4a8f-85a4-524dcad6c357", "isDeleted:":"true", "version":"1723214145691"}}
{"logTime": "0823/113455", "correlationVector":"GortMARBuwYDhr0/o/Pkby.89","action":"GetUpdates", "result":"DeleteReceived", "context":{"id":"e85e7ef8-e2c2-4076-af40-82962e3311d3", "isDeleted:":"true", "version":"1723214145692"}}
{"logTime": "0823/113455", "correlationVector":"GortMARBuwYDhr0/o/Pkby.90","action":"GetUpdates", "result":"DeleteReceived", "context":{"id":"abc6b441-c0cc-47ed-a48a-682b9c220476", "isDeleted:":"true", "version":"1723214145694"}}
{"logTime": "0823/113455", "correlationVector":"GortMARBuwYDhr0/o/Pkby.91","action":"GetUpdates", "result":"DeleteReceived", "context":{"id":"6851cbe6-fe39-4629-a918-3dcd23e7a1a8", "isDeleted:":"true", "version":"1723214145696"}}
{"logTime": "0823/113455", "correlationVector":"GortMARBuwYDhr0/o/Pkby.92","action":"GetUpdates", "result":"DeleteReceived", "context":{"id":"2b950a52-461d-4eb4-a710-05756981f4ca", "isDeleted:":"true", "version":"1723214421805"}}
{"logTime": "0823/113455", "correlationVector":"GortMARBuwYDhr0/o/Pkby.93","action":"GetUpdates", "result":"DeleteReceived", "context":{"id":"49c3b792-6f71-439e-8d35-3ffc6df0be81", "isDeleted:":"true", "version":"1723214421806"}}
{"logTime": "0823/113455", "correlationVector":"GortMARBuwYDhr0/o/Pkby.94","action":"GetUpdates", "result":"DeleteReceived", "context":{"id":"99a73e14-3ef7-4cd9-8a60-117a20a97eeb", "isDeleted:":"true", "version":"1723214421807"}}
{"logTime": "0823/113455", "correlationVector":"GortMARBuwYDhr0/o/Pkby.95","action":"GetUpdates", "result":"DeleteReceived", "context":{"id":"f2fc5f94-5fa7-4647-aabb-225ea722ed4e", "isDeleted:":"true", "version":"1723218377403"}}
{"logTime": "0823/113455", "correlationVector":"GortMARBuwYDhr0/o/Pkby.96","action":"GetUpdates", "result":"DeleteReceived", "context":{"id":"b8601153-600e-4e2d-bf1d-74d6b68c2cb9", "isDeleted:":"true", "version":"1723218377404"}}
{"logTime": "0823/113455", "correlationVector":"GortMARBuwYDhr0/o/Pkby.97","action":"GetUpdates", "result":"DeleteReceived", "context":{"id":"3c6a707a-31b3-4a6e-8a4f-6e2be340153c", "isDeleted:":"true", "version":"1723218377405"}}
{"logTime": "0823/113455", "correlationVector":"GortMARBuwYDhr0/o/Pkby.98","action":"GetUpdates", "result":"DeleteReceived", "context":{"id":"c77b7998-1874-4a61-9fff-898d3c563528", "isDeleted:":"true", "version":"1723219038788"}}
{"logTime": "0823/113455", "correlationVector":"GortMARBuwYDhr0/o/Pkby.99","action":"GetUpdates", "result":"DeleteReceived", "context":{"id":"9a7c4573-f227-4060-a64d-0518128d8569", "isDeleted:":"true", "version":"1723219038789"}}
{"logTime": "0823/113455", "correlationVector":"GortMARBuwYDhr0/o/Pkby.100","action":"GetUpdates", "result":"DeleteReceived", "context":{"id":"c6de4559-d547-4bf2-a666-d7ad4d80d224", "isDeleted:":"true", "version":"1723219038790"}}
{"logTime": "0823/113455", "correlationVector":"GortMARBuwYDhr0/o/Pkby.101","action":"GetUpdates", "result":"DeleteReceived", "context":{"id":"0adccf85-f4cb-4f6f-864b-8b6a8dc3b475", "isDeleted:":"true", "version":"1723219038793"}}
{"logTime": "0823/113455", "correlationVector":"GortMARBuwYDhr0/o/Pkby.102","action":"GetUpdates", "result":"DeleteReceived", "context":{"id":"08eccf3d-f568-4043-a3ed-f7f2edc50781", "isDeleted:":"true", "version":"1723219070443"}}
{"logTime": "0823/113455", "correlationVector":"GortMARBuwYDhr0/o/Pkby.103","action":"GetUpdates", "result":"DeleteReceived", "context":{"id":"fb3f9020-107f-4a11-bee9-2f0cb41af9b1", "isDeleted:":"true", "version":"1723220362996"}}
{"logTime": "0823/113455", "correlationVector":"GortMARBuwYDhr0/o/Pkby.104","action":"GetUpdates", "result":"DeleteReceived", "context":{"id":"3536d0cb-b2e0-40fe-98dc-1118064ffbbc", "isDeleted:":"true", "version":"1723220362999"}}
{"logTime": "0823/113455", "correlationVector":"GortMARBuwYDhr0/o/Pkby.105","action":"GetUpdates", "result":"DeleteReceived", "context":{"id":"31ab9026-85ca-4c20-b2bd-dcfeab32704a", "isDeleted:":"true", "version":"1723220363000"}}
{"logTime": "0823/113455", "correlationVector":"GortMARBuwYDhr0/o/Pkby.106","action":"GetUpdates", "result":"DeleteReceived", "context":{"id":"21e62093-61d8-4c2d-9412-6e97b5ba3253", "isDeleted:":"true", "version":"1723220444167"}}
{"logTime": "0823/113455", "correlationVector":"GortMARBuwYDhr0/o/Pkby.107","action":"GetUpdates", "result":"DeleteReceived", "context":{"id":"83714e80-42af-4ee3-bf37-3b0c5d341e18", "isDeleted:":"true", "version":"1723220606330"}}
{"logTime": "0823/113455", "correlationVector":"GortMARBuwYDhr0/o/Pkby.108","action":"GetUpdates", "result":"DeleteReceived", "context":{"id":"77ff38c7-8c90-4a99-88ba-d392b2f7a134", "isDeleted:":"true", "version":"1723220606333"}}
{"logTime": "0823/113455", "correlationVector":"GortMARBuwYDhr0/o/Pkby.109","action":"GetUpdates", "result":"DeleteReceived", "context":{"id":"4713427d-b9f2-40b9-9d6e-a12a9b267c26", "isDeleted:":"true", "version":"1723220606334"}}
{"logTime": "0823/113455", "correlationVector":"GortMARBuwYDhr0/o/Pkby.110","action":"GetUpdates", "result":"DeleteReceived", "context":{"id":"20321b86-75ea-459c-843e-598aa85cb367", "isDeleted:":"true", "version":"1723220644783"}}
{"logTime": "0823/113455", "correlationVector":"GortMARBuwYDhr0/o/Pkby.111","action":"GetUpdates", "result":"DeleteReceived", "context":{"id":"fa4b095a-dba9-4d48-ab54-e130412e9392", "isDeleted:":"true", "version":"1723220687396"}}
{"logTime": "0823/113455", "correlationVector":"GortMARBuwYDhr0/o/Pkby.112","action":"GetUpdates", "result":"DeleteReceived", "context":{"id":"eaaa86ee-a962-40f2-a366-efa796e79521", "isDeleted:":"true", "version":"1723221915705"}}
{"logTime": "0823/113455", "correlationVector":"GortMARBuwYDhr0/o/Pkby.113","action":"GetUpdates", "result":"DeleteReceived", "context":{"id":"dfb9b05b-40a2-4294-92e7-43e7f1d4cc33", "isDeleted:":"true", "version":"1723222329638"}}
{"logTime": "0823/113455", "correlationVector":"GortMARBuwYDhr0/o/Pkby.114","action":"GetUpdates", "result":"DeleteReceived", "context":{"id":"93dbf021-b02a-4957-96c8-ca4dc8fca877", "isDeleted:":"true", "version":"1723222329639"}}
{"logTime": "0823/113455", "correlationVector":"GortMARBuwYDhr0/o/Pkby.115","action":"GetUpdates", "result":"DeleteReceived", "context":{"id":"676f04b6-e339-4338-bd52-2e923f95dcbe", "isDeleted:":"true", "version":"1723222329640"}}
{"logTime": "0823/113455", "correlationVector":"GortMARBuwYDhr0/o/Pkby.116","action":"GetUpdates", "result":"DeleteReceived", "context":{"id":"83e6f76b-3b95-4b04-9182-ceaf649d4f0c", "isDeleted:":"true", "version":"1723222329644"}}
{"logTime": "0823/113455", "correlationVector":"GortMARBuwYDhr0/o/Pkby.117","action":"GetUpdates", "result":"DeleteReceived", "context":{"id":"c3996f88-fc9d-4533-989f-d5e9565863bb", "isDeleted:":"true", "version":"1723222445043"}}
{"logTime": "0823/113455", "correlationVector":"GortMARBuwYDhr0/o/Pkby.118","action":"GetUpdates", "result":"DeleteReceived", "context":{"id":"9604fcb1-476f-4181-adcd-de46f64c73ff", "isDeleted:":"true", "version":"1723222618780"}}
{"logTime": "0823/113455", "correlationVector":"GortMARBuwYDhr0/o/Pkby.119","action":"GetUpdates", "result":"DeleteReceived", "context":{"id":"7c7e1661-b33a-4a7f-aa3d-c2658efa7460", "isDeleted:":"true", "version":"1723222696218"}}
{"logTime": "0823/113455", "correlationVector":"GortMARBuwYDhr0/o/Pkby.120","action":"GetUpdates", "result":"DeleteReceived", "context":{"id":"a592e3d2-5ed2-4514-a0d6-183f4b2b289a", "isDeleted:":"true", "version":"1723223251826"}}
{"logTime": "0823/113455", "correlationVector":"GortMARBuwYDhr0/o/Pkby.121","action":"GetUpdates", "result":"DeleteReceived", "context":{"id":"0e9c2e0e-772a-4514-8fa9-2404ba9f5ccd", "isDeleted:":"true", "version":"1723223338843"}}
{"logTime": "0823/113455", "correlationVector":"GortMARBuwYDhr0/o/Pkby.122","action":"GetUpdates", "result":"DeleteReceived", "context":{"id":"df470137-03d0-4d83-a5ae-808fad2fa376", "isDeleted:":"true", "version":"1723223500948"}}
{"logTime": "0823/113455", "correlationVector":"GortMARBuwYDhr0/o/Pkby.123","action":"GetUpdates", "result":"DeleteReceived", "context":{"id":"44fb35d3-e50c-44a0-8c8b-d55d2e9ed5c8", "isDeleted:":"true", "version":"1723223500950"}}
{"logTime": "0823/113455", "correlationVector":"GortMARBuwYDhr0/o/Pkby.124","action":"GetUpdates", "result":"DeleteReceived", "context":{"id":"4c0a9a9b-c95d-4a7c-b885-c21b067216fc", "isDeleted:":"true", "version":"1723223595850"}}
{"logTime": "0823/113455", "correlationVector":"GortMARBuwYDhr0/o/Pkby.125","action":"GetUpdates", "result":"DeleteReceived", "context":{"id":"e171d4d0-c83c-4c11-b337-a894a23398ea", "isDeleted:":"true", "version":"1723223874379"}}
{"logTime": "0823/113455", "correlationVector":"GortMARBuwYDhr0/o/Pkby.126","action":"GetUpdates", "result":"DeleteReceived", "context":{"id":"cd925f88-0d2c-4bca-b54a-12d981196fe4", "isDeleted:":"true", "version":"1723225038406"}}
{"logTime": "0823/113455", "correlationVector":"GortMARBuwYDhr0/o/Pkby.127","action":"GetUpdates", "result":"DeleteReceived", "context":{"id":"b9aa0ffb-36de-4f72-b827-7113b0e17e78", "isDeleted:":"true", "version":"1723225089220"}}
{"logTime": "0823/113455", "correlationVector":"GortMARBuwYDhr0/o/Pkby.128","action":"GetUpdates", "result":"DeleteReceived", "context":{"id":"6680b64e-ae47-4c63-a5d2-89726f47ca38", "isDeleted:":"true", "version":"1723225613614"}}
{"logTime": "0823/113455", "correlationVector":"GortMARBuwYDhr0/o/Pkby.129","action":"GetUpdates", "result":"DeleteReceived", "context":{"id":"9fd62f35-2a99-44e8-8412-ab043a13bac2", "isDeleted:":"true", "version":"1723225613615"}}
{"logTime": "0823/113455", "correlationVector":"GortMARBuwYDhr0/o/Pkby.130","action":"GetUpdates", "result":"DeleteReceived", "context":{"id":"dc82a750-f7a6-471f-bae5-9ab197d375da", "isDeleted:":"true", "version":"1723225613619"}}
{"logTime": "0823/113455", "correlationVector":"GortMARBuwYDhr0/o/Pkby.131","action":"GetUpdates", "result":"DeleteReceived", "context":{"id":"567e1c95-f94a-4f63-aaab-f90be82452ed", "isDeleted:":"true", "version":"1723225684193"}}
{"logTime": "0823/113455", "correlationVector":"GortMARBuwYDhr0/o/Pkby.132","action":"GetUpdates", "result":"DeleteReceived", "context":{"id":"c02b3ff7-89f8-449a-b9f7-a81b99dcadc8", "isDeleted:":"true", "version":"1723226678044"}}
{"logTime": "0823/113455", "correlationVector":"GortMARBuwYDhr0/o/Pkby.133","action":"GetUpdates", "result":"DeleteReceived", "context":{"id":"3d50ea2b-5946-42c8-953c-7fbad5f7a86c", "isDeleted:":"true", "version":"1723226678045"}}
{"logTime": "0823/113455", "correlationVector":"GortMARBuwYDhr0/o/Pkby.134","action":"GetUpdates", "result":"DeleteReceived", "context":{"id":"da28d05b-6530-4042-b9b4-42e3345000a1", "isDeleted:":"true", "version":"1723226678046"}}
{"logTime": "0823/113455", "correlationVector":"GortMARBuwYDhr0/o/Pkby.135","action":"GetUpdates", "result":"DeleteReceived", "context":{"id":"72d73a26-fc10-4b9b-a079-26cd07b86136", "isDeleted:":"true", "version":"1723226678048"}}
{"logTime": "0823/113455", "correlationVector":"GortMARBuwYDhr0/o/Pkby.136","action":"GetUpdates", "result":"DeleteReceived", "context":{"id":"eb68a9e6-7eae-48b0-919e-a4b75133d4a1", "isDeleted:":"true", "version":"1723226678049"}}
{"logTime": "0823/113455", "correlationVector":"GortMARBuwYDhr0/o/Pkby.137","action":"GetUpdates", "result":"DeleteReceived", "context":{"id":"ad517e03-2875-4868-a437-968ff9777f51", "isDeleted:":"true", "version":"1723227004074"}}
{"logTime": "0823/113455", "correlationVector":"GortMARBuwYDhr0/o/Pkby.138","action":"GetUpdates", "result":"DeleteReceived", "context":{"id":"7507b95b-45fc-41fe-b631-fcff99b84cb0", "isDeleted:":"true", "version":"1723227056775"}}
{"logTime": "0823/113455", "correlationVector":"GortMARBuwYDhr0/o/Pkby.139","action":"GetUpdates", "result":"DeleteReceived", "context":{"id":"137db879-4e2d-4f10-9763-ee28a98c10ee", "isDeleted:":"true", "version":"1723228299651"}}
{"logTime": "0823/113455", "correlationVector":"GortMARBuwYDhr0/o/Pkby.140","action":"GetUpdates", "result":"DeleteReceived", "context":{"id":"82077d68-d902-43c2-9220-acf1d0ea4122", "isDeleted:":"true", "version":"1723228299652"}}
{"logTime": "0823/113455", "correlationVector":"GortMARBuwYDhr0/o/Pkby.141","action":"GetUpdates", "result":"DeleteReceived", "context":{"id":"2d4b7692-a2ac-488e-8516-84222a4419ae", "isDeleted:":"true", "version":"1723293121687"}}
{"logTime": "0823/113455", "correlationVector":"GortMARBuwYDhr0/o/Pkby.142","action":"GetUpdates", "result":"DeleteReceived", "context":{"id":"22e05f42-334e-4c8f-854e-114f1e0b1a95", "isDeleted:":"true", "version":"1723293918701"}}
{"logTime": "0823/113455", "correlationVector":"GortMARBuwYDhr0/o/Pkby.143","action":"GetUpdates", "result":"DeleteReceived", "context":{"id":"b8e41a30-2190-40a1-a0a9-e1e3da729baa", "isDeleted:":"true", "version":"1723294627939"}}
{"logTime": "0823/113455", "correlationVector":"GortMARBuwYDhr0/o/Pkby.144","action":"GetUpdates", "result":"DeleteReceived", "context":{"id":"749bfb20-6746-4795-a8a3-0610ae2c636b", "isDeleted:":"true", "version":"1723303183508"}}
{"logTime": "0823/113455", "correlationVector":"GortMARBuwYDhr0/o/Pkby.145","action":"GetUpdates", "result":"DeleteReceived", "context":{"id":"94000f29-2de1-45ed-93ce-ceca2a582902", "isDeleted:":"true", "version":"1723303183509"}}
{"logTime": "0823/113455", "correlationVector":"GortMARBuwYDhr0/o/Pkby.146","action":"GetUpdates", "result":"DeleteReceived", "context":{"id":"9c8dc613-0ed2-47b1-b151-ff819917b5a7", "isDeleted:":"true", "version":"1723308619471"}}
{"logTime": "0823/113455", "correlationVector":"GortMARBuwYDhr0/o/Pkby.147","action":"GetUpdates", "result":"DeleteReceived", "context":{"id":"dbeb33f4-853f-4ab2-ab89-d508fd40da81", "isDeleted:":"true", "version":"1723360106121"}}
{"logTime": "0823/113455", "correlationVector":"GortMARBuwYDhr0/o/Pkby.148","action":"GetUpdates", "result":"DeleteReceived", "context":{"id":"435778bc-fb11-4e83-8afb-c83032858ae4", "isDeleted:":"true", "version":"1723374608853"}}
{"logTime": "0823/113455", "correlationVector":"GortMARBuwYDhr0/o/Pkby.149","action":"GetUpdates", "result":"DeleteReceived", "context":{"id":"68e966e1-f4f9-49fa-9982-cd601b88eb87", "isDeleted:":"true", "version":"1723375112669"}}
{"logTime": "0823/113455", "correlationVector":"GortMARBuwYDhr0/o/Pkby.150","action":"GetUpdates", "result":"DeleteReceived", "context":{"id":"00424a8c-0273-4173-9de5-2ed4c4da33b7", "isDeleted:":"true", "version":"1723376163365"}}
{"logTime": "0823/113455", "correlationVector":"GortMARBuwYDhr0/o/Pkby.151","action":"GetUpdates", "result":"DeleteReceived", "context":{"id":"c8674b51-f3fb-479b-a3d7-fd6cada4336f", "isDeleted:":"true", "version":"1723376163367"}}
{"logTime": "0823/113455", "correlationVector":"GortMARBuwYDhr0/o/Pkby.152","action":"GetUpdates", "result":"DeleteReceived", "context":{"id":"b48a6120-7f51-40dc-868c-cb750effe865", "isDeleted:":"true", "version":"1723377097406"}}
{"logTime": "0823/113455", "correlationVector":"GortMARBuwYDhr0/o/Pkby.153","action":"GetUpdates", "result":"DeleteReceived", "context":{"id":"eb296732-a5be-41f4-8925-707e2d64c349", "isDeleted:":"true", "version":"1723377097407"}}
{"logTime": "0823/113455", "correlationVector":"GortMARBuwYDhr0/o/Pkby.154","action":"GetUpdates", "result":"DeleteReceived", "context":{"id":"7e7436db-17c9-4c7d-84e1-50dd4e778da3", "isDeleted:":"true", "version":"1723378058218"}}
{"logTime": "0823/113455", "correlationVector":"GortMARBuwYDhr0/o/Pkby.155","action":"GetUpdates", "result":"DeleteReceived", "context":{"id":"5a0e6f72-cfa8-4cd3-94ad-dd2f21275ea9", "isDeleted:":"true", "version":"1723379511598"}}
{"logTime": "0823/113455", "correlationVector":"GortMARBuwYDhr0/o/Pkby.156","action":"GetUpdates", "result":"DeleteReceived", "context":{"id":"7cdd0e03-b31e-49e7-aa01-324eec0bd935", "isDeleted:":"true", "version":"1723380029862"}}
{"logTime": "0823/113455", "correlationVector":"GortMARBuwYDhr0/o/Pkby.157","action":"GetUpdates", "result":"DeleteReceived", "context":{"id":"45701963-6874-4060-b098-e3b774d68c9e", "isDeleted:":"true", "version":"1723380158181"}}
{"logTime": "0823/113455", "correlationVector":"GortMARBuwYDhr0/o/Pkby.158","action":"GetUpdates", "result":"DeleteReceived", "context":{"id":"be7277dd-75d5-4ddd-bcef-85ad140d39ea", "isDeleted:":"true", "version":"1723380206772"}}
{"logTime": "0823/113455", "correlationVector":"GortMARBuwYDhr0/o/Pkby.159","action":"GetUpdates", "result":"DeleteReceived", "context":{"id":"807f249f-6c72-4e2e-a991-380d265ba85f", "isDeleted:":"true", "version":"1723380686895"}}
{"logTime": "0823/113455", "correlationVector":"GortMARBuwYDhr0/o/Pkby.160","action":"GetUpdates", "result":"DeleteReceived", "context":{"id":"5a1c2ea9-1044-4c36-8675-9ebe93cb88d3", "isDeleted:":"true", "version":"1723380788015"}}
{"logTime": "0823/113455", "correlationVector":"GortMARBuwYDhr0/o/Pkby.161","action":"GetUpdates", "result":"DeleteReceived", "context":{"id":"24f06034-4bd1-4a6e-a74c-bfe265888fbe", "isDeleted:":"true", "version":"1723381452635"}}
{"logTime": "0823/113455", "correlationVector":"GortMARBuwYDhr0/o/Pkby.162","action":"GetUpdates", "result":"DeleteReceived", "context":{"id":"af94eb27-7ccd-4bd9-94fe-f711cbe7db11", "isDeleted:":"true", "version":"1723381629111"}}
{"logTime": "0823/113455", "correlationVector":"GortMARBuwYDhr0/o/Pkby.163","action":"GetUpdates", "result":"DeleteReceived", "context":{"id":"87f11f57-5a88-461e-a855-6aad587a2b3a", "isDeleted:":"true", "version":"1723382336438"}}
{"logTime": "0823/113455", "correlationVector":"GortMARBuwYDhr0/o/Pkby.164","action":"GetUpdates", "result":"DeleteReceived", "context":{"id":"16829235-3093-4a61-b242-d84a56321fd2", "isDeleted:":"true", "version":"1723382493499"}}
{"logTime": "0823/113455", "correlationVector":"GortMARBuwYDhr0/o/Pkby.165","action":"GetUpdates", "result":"DeleteReceived", "context":{"id":"93edb5c7-636b-4eff-883a-7aa84af1abfc", "isDeleted:":"true", "version":"1723382577757"}}
{"logTime": "0823/113455", "correlationVector":"GortMARBuwYDhr0/o/Pkby.166","action":"GetUpdates", "result":"DeleteReceived", "context":{"id":"d7bd1e9c-738d-40a6-bb57-5da4ffd2d1a9", "isDeleted:":"true", "version":"1723382765076"}}
{"logTime": "0823/113455", "correlationVector":"GortMARBuwYDhr0/o/Pkby.167","action":"GetUpdates", "result":"DeleteReceived", "context":{"id":"a2f1f5a5-32a7-4446-a425-e5735025d099", "isDeleted:":"true", "version":"1723382847871"}}
{"logTime": "0823/113455", "correlationVector":"GortMARBuwYDhr0/o/Pkby.168","action":"GetUpdates", "result":"DeleteReceived", "context":{"id":"7807ad83-e8c9-4a2b-ae7f-4d99bcb8ca1b", "isDeleted:":"true", "version":"1723383255087"}}
{"logTime": "0823/113455", "correlationVector":"GortMARBuwYDhr0/o/Pkby.169","action":"GetUpdates", "result":"DeleteReceived", "context":{"id":"5706f9b4-a2d0-4bdf-b1d9-de510596a982", "isDeleted:":"true", "version":"1723394905165"}}
{"logTime": "0823/113455", "correlationVector":"GortMARBuwYDhr0/o/Pkby.170","action":"GetUpdates", "result":"DeleteReceived", "context":{"id":"e14bc580-ba7a-4205-a0e3-6d4354656d24", "isDeleted:":"true", "version":"1723395404636"}}
{"logTime": "0823/113455", "correlationVector":"GortMARBuwYDhr0/o/Pkby.171","action":"GetUpdates", "result":"DeleteReceived", "context":{"id":"a152c996-179e-40c9-90ed-463a640095c0", "isDeleted:":"true", "version":"1723434277174"}}
{"logTime": "0823/113455", "correlationVector":"GortMARBuwYDhr0/o/Pkby.172","action":"GetUpdates", "result":"DeleteReceived", "context":{"id":"d936b53c-de1f-412a-b19e-ac7e82658e63", "isDeleted:":"true", "version":"1723434277175"}}
{"logTime": "0823/113455", "correlationVector":"GortMARBuwYDhr0/o/Pkby.173","action":"GetUpdates", "result":"DeleteReceived", "context":{"id":"49385405-03cd-481d-b60e-77bf4142eb0c", "isDeleted:":"true", "version":"1723434277176"}}
{"logTime": "0823/113455", "correlationVector":"GortMARBuwYDhr0/o/Pkby.174","action":"GetUpdates", "result":"DeleteReceived", "context":{"id":"26fdf725-daa5-4281-b7db-5d7f91a5e67a", "isDeleted:":"true", "version":"1723434277179"}}
{"logTime": "0823/113455", "correlationVector":"GortMARBuwYDhr0/o/Pkby.175","action":"GetUpdates", "result":"DeleteReceived", "context":{"id":"07fd5cbc-63ad-4343-b1b8-19a3a4f556f1", "isDeleted:":"true", "version":"1723434277180"}}
{"logTime": "0823/113455", "correlationVector":"GortMARBuwYDhr0/o/Pkby.176","action":"GetUpdates", "result":"DeleteReceived", "context":{"id":"62836da3-5bbb-43ac-a5a0-3b01affc346b", "isDeleted:":"true", "version":"1723436859581"}}
{"logTime": "0823/113455", "correlationVector":"GortMARBuwYDhr0/o/Pkby.177","action":"GetUpdates", "result":"DeleteReceived", "context":{"id":"aed87220-a85a-42f0-8aa9-88f5aea43814", "isDeleted:":"true", "version":"1723469528211"}}
{"logTime": "0823/113455", "correlationVector":"GortMARBuwYDhr0/o/Pkby.178","action":"GetUpdates", "result":"DeleteReceived", "context":{"id":"a215bac9-db48-4557-b296-02e475316325", "isDeleted:":"true", "version":"1723469528212"}}
{"logTime": "0823/113455", "correlationVector":"GortMARBuwYDhr0/o/Pkby.179","action":"GetUpdates", "result":"DeleteReceived", "context":{"id":"d89ec159-00e6-4d08-9558-bec437dc31fb", "isDeleted:":"true", "version":"1723471755556"}}
{"logTime": "0823/113455", "correlationVector":"GortMARBuwYDhr0/o/Pkby.180","action":"GetUpdates", "result":"DeleteReceived", "context":{"id":"c9268fc9-0bc7-452f-af3d-8dbe18c86868", "isDeleted:":"true", "version":"1723471755557"}}
{"logTime": "0823/113455", "correlationVector":"GortMARBuwYDhr0/o/Pkby.181","action":"GetUpdates", "result":"DeleteReceived", "context":{"id":"772af8a3-c700-4869-864c-29840cbd8c35", "isDeleted:":"true", "version":"1723472708630"}}
{"logTime": "0823/113455", "correlationVector":"GortMARBuwYDhr0/o/Pkby.182","action":"GetUpdates", "result":"DeleteReceived", "context":{"id":"a2907270-1104-4070-bdbf-36e35e54d13f", "isDeleted:":"true", "version":"1723472708632"}}
{"logTime": "0823/113455", "correlationVector":"GortMARBuwYDhr0/o/Pkby.183","action":"GetUpdates", "result":"DeleteReceived", "context":{"id":"fc62c5c7-cc75-4d02-b998-14b4b92a6dd5", "isDeleted:":"true", "version":"1723472708633"}}
{"logTime": "0823/113455", "correlationVector":"GortMARBuwYDhr0/o/Pkby.184","action":"GetUpdates", "result":"DeleteReceived", "context":{"id":"4c609376-216f-4136-8573-2c79822110e1", "isDeleted:":"true", "version":"1723478490672"}}
{"logTime": "0823/113455", "correlationVector":"GortMARBuwYDhr0/o/Pkby.185","action":"GetUpdates", "result":"DeleteReceived", "context":{"id":"9e2f9ffd-90de-4a38-81dd-de0f380cd31e", "isDeleted:":"true", "version":"1723478610169"}}
{"logTime": "0823/113455", "correlationVector":"GortMARBuwYDhr0/o/Pkby.186","action":"GetUpdates", "result":"DeleteReceived", "context":{"id":"e97b64e4-edba-47fb-9dc9-87f2d4ccdcbe", "isDeleted:":"true", "version":"1723478610171"}}
{"logTime": "0823/113455", "correlationVector":"GortMARBuwYDhr0/o/Pkby.187","action":"GetUpdates", "result":"DeleteReceived", "context":{"id":"d301373a-2291-47f9-a0de-3e038e736aab", "isDeleted:":"true", "version":"1723478705711"}}
{"logTime": "0823/113455", "correlationVector":"GortMARBuwYDhr0/o/Pkby.188","action":"GetUpdates", "result":"DeleteReceived", "context":{"id":"3799db6c-612a-4c1d-8ac5-99243e323a41", "isDeleted:":"true", "version":"1723479059400"}}
{"logTime": "0823/113455", "correlationVector":"GortMARBuwYDhr0/o/Pkby.189","action":"GetUpdates", "result":"DeleteReceived", "context":{"id":"e2e82085-4a6c-4310-aa45-e49b50802e9e", "isDeleted:":"true", "version":"1723479131208"}}
{"logTime": "0823/113455", "correlationVector":"GortMARBuwYDhr0/o/Pkby.190","action":"GetUpdates", "result":"DeleteReceived", "context":{"id":"ee01b8b2-3035-4b3b-b60e-b29e59060e2c", "isDeleted:":"true", "version":"1723479542531"}}
{"logTime": "0823/113455", "correlationVector":"GortMARBuwYDhr0/o/Pkby.191","action":"GetUpdates", "result":"DeleteReceived", "context":{"id":"dbbbbdc0-115d-4908-aacf-a55fdbab151f", "isDeleted:":"true", "version":"1723479751353"}}
{"logTime": "0823/113455", "correlationVector":"GortMARBuwYDhr0/o/Pkby.192","action":"GetUpdates", "result":"DeleteReceived", "context":{"id":"a2cc184e-4c3b-48cd-8470-f434f6201339", "isDeleted:":"true", "version":"1723481182568"}}
{"logTime": "0823/113455", "correlationVector":"GortMARBuwYDhr0/o/Pkby.193","action":"GetUpdates", "result":"DeleteReceived", "context":{"id":"39402294-52b8-49d0-8531-b1746a387fb7", "isDeleted:":"true", "version":"1723481771050"}}
{"logTime": "0823/113455", "correlationVector":"GortMARBuwYDhr0/o/Pkby.194","action":"GetUpdates", "result":"DeleteReceived", "context":{"id":"59cddbc3-e12e-4f42-b48f-5de42374f87b", "isDeleted:":"true", "version":"1723483204595"}}
{"logTime": "0823/113455", "correlationVector":"GortMARBuwYDhr0/o/Pkby.195","action":"GetUpdates", "result":"DeleteReceived", "context":{"id":"5543fba5-63e2-46c8-bd79-f850a4eefafd", "isDeleted:":"true", "version":"1723484085782"}}
{"logTime": "0823/113455", "correlationVector":"GortMARBuwYDhr0/o/Pkby.196","action":"GetUpdates", "result":"DeleteReceived", "context":{"id":"e3ca3264-3d92-4442-bd95-6e5c535bddf5", "isDeleted:":"true", "version":"1723484273634"}}
{"logTime": "0823/113455", "correlationVector":"GortMARBuwYDhr0/o/Pkby.197","action":"GetUpdates", "result":"DeleteReceived", "context":{"id":"b75b50b2-3c69-47c9-8ac0-e5e4c5ec0f46", "isDeleted:":"true", "version":"1723487271565"}}
{"logTime": "0823/113455", "correlationVector":"GortMARBuwYDhr0/o/Pkby.198","action":"GetUpdates", "result":"DeleteReceived", "context":{"id":"cf8da522-359c-4ecf-9a2e-ebcb8b6317e9", "isDeleted:":"true", "version":"1723487389456"}}
{"logTime": "0823/113455", "correlationVector":"GortMARBuwYDhr0/o/Pkby.199","action":"GetUpdates", "result":"DeleteReceived", "context":{"id":"63929b3f-23f5-4faa-8076-c212ca7c2c2d", "isDeleted:":"true", "version":"1723552118460"}}
{"logTime": "0823/113455", "correlationVector":"GortMARBuwYDhr0/o/Pkby.200","action":"GetUpdates", "result":"DeleteReceived", "context":{"id":"89d1d01c-2815-440a-9672-d767f82dfd31", "isDeleted:":"true", "version":"1723552474526"}}
{"logTime": "0823/113455", "correlationVector":"GortMARBuwYDhr0/o/Pkby.201","action":"GetUpdates", "result":"DeleteReceived", "context":{"id":"f74704c0-861f-4beb-8309-b0220eaef378", "isDeleted:":"true", "version":"1723629668047"}}
{"logTime": "0823/113455", "correlationVector":"GortMARBuwYDhr0/o/Pkby.202","action":"GetUpdates", "result":"DeleteReceived", "context":{"id":"7a9e750b-b482-43dd-97aa-ce4ddfc3ee87", "isDeleted:":"true", "version":"1723629834009"}}
{"logTime": "0823/113455", "correlationVector":"GortMARBuwYDhr0/o/Pkby.203","action":"GetUpdates", "result":"DeleteReceived", "context":{"id":"9cd05044-74f6-4082-85bd-8e3018727fa7", "isDeleted:":"true", "version":"1723630168027"}}
{"logTime": "0823/113455", "correlationVector":"GortMARBuwYDhr0/o/Pkby.204","action":"GetUpdates", "result":"DeleteReceived", "context":{"id":"8cc6b0b7-3b70-48e7-9f94-3c073f638195", "isDeleted:":"true", "version":"1723630785252"}}
{"logTime": "0823/113455", "correlationVector":"GortMARBuwYDhr0/o/Pkby.205","action":"GetUpdates", "result":"DeleteReceived", "context":{"id":"41148ef3-ad86-4565-85a3-ebc6c6969cd9", "isDeleted:":"true", "version":"1723631192205"}}
{"logTime": "0823/113455", "correlationVector":"GortMARBuwYDhr0/o/Pkby.206","action":"GetUpdates", "result":"DeleteReceived", "context":{"id":"b73bcd4d-5adb-451f-b26f-6ce9bfa3519b", "isDeleted:":"true", "version":"1723632073059"}}
{"logTime": "0823/113455", "correlationVector":"GortMARBuwYDhr0/o/Pkby.207","action":"GetUpdates", "result":"DeleteReceived", "context":{"id":"9d073305-b811-4f8e-bd41-1734070d92f4", "isDeleted:":"true", "version":"1723634409832"}}
{"logTime": "0823/113455", "correlationVector":"GortMARBuwYDhr0/o/Pkby.208","action":"GetUpdates", "result":"DeleteReceived", "context":{"id":"f1a55a92-38e3-4f89-9849-d54651f12edf", "isDeleted:":"true", "version":"1723635300968"}}
{"logTime": "0823/113455", "correlationVector":"GortMARBuwYDhr0/o/Pkby.209","action":"GetUpdates", "result":"DeleteReceived", "context":{"id":"feb6f072-f983-4e38-9505-6a1833c3122a", "isDeleted:":"true", "version":"1723635475446"}}
{"logTime": "0823/113455", "correlationVector":"GortMARBuwYDhr0/o/Pkby.210","action":"GetUpdates", "result":"DeleteReceived", "context":{"id":"8d4b6bb9-47cd-4f0d-bf5d-68494afc38d4", "isDeleted:":"true", "version":"1723635738441"}}
{"logTime": "0823/113455", "correlationVector":"GortMARBuwYDhr0/o/Pkby.211","action":"GetUpdates", "result":"DeleteReceived", "context":{"id":"52e648d5-0366-4661-8239-bb368c807d75", "isDeleted:":"true", "version":"1723636355700"}}
{"logTime": "0823/113455", "correlationVector":"GortMARBuwYDhr0/o/Pkby.212","action":"GetUpdates", "result":"DeleteReceived", "context":{"id":"662c8d3f-7345-46a1-864b-40b46c2c731a", "isDeleted:":"true", "version":"1723636933273"}}
{"logTime": "0823/113455", "correlationVector":"GortMARBuwYDhr0/o/Pkby.213","action":"GetUpdates", "result":"DeleteReceived", "context":{"id":"d55614c2-fd21-479f-86eb-87652234a51c", "isDeleted:":"true", "version":"1723637644927"}}
{"logTime": "0823/113455", "correlationVector":"GortMARBuwYDhr0/o/Pkby.214","action":"GetUpdates", "result":"DeleteReceived", "context":{"id":"9165ff7e-3f3a-4313-90e0-4f230ffd4889", "isDeleted:":"true", "version":"1723637884355"}}
{"logTime": "0823/113455", "correlationVector":"GortMARBuwYDhr0/o/Pkby.215","action":"GetUpdates", "result":"DeleteReceived", "context":{"id":"a59b2059-625f-4369-b6da-96bc3273306a", "isDeleted:":"true", "version":"1723638524760"}}
{"logTime": "0823/113455", "correlationVector":"GortMARBuwYDhr0/o/Pkby.216","action":"GetUpdates", "result":"DeleteReceived", "context":{"id":"8fdc30ad-1c08-4525-af6b-e6c46d2ab4b0", "isDeleted:":"true", "version":"1723639303973"}}
{"logTime": "0823/113455", "correlationVector":"GortMARBuwYDhr0/o/Pkby.217","action":"GetUpdates", "result":"DeleteReceived", "context":{"id":"2a733842-02d1-4531-bf33-95687ec864e5", "isDeleted:":"true", "version":"1723639693817"}}
{"logTime": "0823/113455", "correlationVector":"GortMARBuwYDhr0/o/Pkby.218","action":"GetUpdates", "result":"DeleteReceived", "context":{"id":"3bd01e76-6d47-4d91-a71e-d7e0b6bc6248", "isDeleted:":"true", "version":"1723640118162"}}
{"logTime": "0823/113455", "correlationVector":"GortMARBuwYDhr0/o/Pkby.219","action":"GetUpdates", "result":"DeleteReceived", "context":{"id":"66402ea2-d80a-4df1-b4c9-0c3c08bb1929", "isDeleted:":"true", "version":"1723640187878"}}
{"logTime": "0823/113455", "correlationVector":"GortMARBuwYDhr0/o/Pkby.220","action":"GetUpdates", "result":"DeleteReceived", "context":{"id":"7f71273e-25c0-4afc-82eb-1e50e89331dd", "isDeleted:":"true", "version":"1723640288147"}}
{"logTime": "0823/113455", "correlationVector":"GortMARBuwYDhr0/o/Pkby.221","action":"GetUpdates", "result":"DeleteReceived", "context":{"id":"ed2d569f-f9c7-4788-9192-9303dbd6ac26", "isDeleted:":"true", "version":"1723640504716"}}
{"logTime": "0823/113455", "correlationVector":"GortMARBuwYDhr0/o/Pkby.222","action":"GetUpdates", "result":"DeleteReceived", "context":{"id":"991cdcac-62e8-4b1a-a878-aac12d208fc4", "isDeleted:":"true", "version":"1723640873065"}}
{"logTime": "0823/113455", "correlationVector":"GortMARBuwYDhr0/o/Pkby.223","action":"GetUpdates", "result":"DeleteReceived", "context":{"id":"893922fc-2b50-4427-af1c-bc6c02b91288", "isDeleted:":"true", "version":"1723641338311"}}
{"logTime": "0823/113455", "correlationVector":"GortMARBuwYDhr0/o/Pkby.224","action":"GetUpdates", "result":"DeleteReceived", "context":{"id":"8089aaae-d59c-46cc-befc-6f98f5b67474", "isDeleted:":"true", "version":"1723642167520"}}
{"logTime": "0823/113455", "correlationVector":"GortMARBuwYDhr0/o/Pkby.225","action":"GetUpdates", "result":"DeleteReceived", "context":{"id":"bfa02caf-7620-4134-999f-a3a79c8dc9b1", "isDeleted:":"true", "version":"1723642376755"}}
{"logTime": "0823/113455", "correlationVector":"GortMARBuwYDhr0/o/Pkby.226","action":"GetUpdates", "result":"DeleteReceived", "context":{"id":"29b2dc40-2c95-4a24-b09d-c2359c2ec390", "isDeleted:":"true", "version":"1723642590945"}}
{"logTime": "0823/113455", "correlationVector":"GortMARBuwYDhr0/o/Pkby.227","action":"GetUpdates", "result":"DeleteReceived", "context":{"id":"c4e46644-8691-46a1-9de0-28f3ae577b9d", "isDeleted:":"true", "version":"1723643346507"}}
{"logTime": "0823/113455", "correlationVector":"GortMARBuwYDhr0/o/Pkby.228","action":"GetUpdates Response", "result":"Success", "context":Received 250 update(s). cV=GortMARBuwYDhr0/o/Pkby.0;server=GENERAL01000012;cloudType=Consumer;environment=Prod_SoutheastAsia_000j;migrationStage=NotStarted Some updates remain.}
{"logTime": "0823/113455", "correlationVector":"BE/HIj7977RwRaebsIa6+a","action":"Initial GetUpdates", "result":"", "context":Reason: NEWLY_SUPPORTED_DATATYPE. cV=BE/HIj7977RwRaebsIa6+a}
{"logTime": "0823/113455", "correlationVector":"BE/HIj7977RwRaebsIa6+a.1","action":"SyncServerConnectionManagerRequest", "result":"SYNC_SERVER_OK", "context":{"environment":"Prod_SoutheastAsia_000j", "migrationStage":"NotStarted", "server":"GENERAL0100000Y"}}
{"logTime": "0823/113455", "correlationVector":"BE/HIj7977RwRaebsIa6+a.2","action":"GetUpdates", "result":"DeleteReceived", "context":{"id":"3bd81f63-3de8-4fad-8c1b-f2e0dc48e5c6", "isDeleted:":"true", "version":"1723643834365"}}
{"logTime": "0823/113455", "correlationVector":"BE/HIj7977RwRaebsIa6+a.3","action":"GetUpdates", "result":"DeleteReceived", "context":{"id":"a4359586-965d-4f58-b729-0182e1f725e3", "isDeleted:":"true", "version":"1723647583941"}}
{"logTime": "0823/113455", "correlationVector":"BE/HIj7977RwRaebsIa6+a.4","action":"GetUpdates", "result":"DeleteReceived", "context":{"id":"570d7845-21d1-4f5c-a5a8-e8a26f358820", "isDeleted:":"true", "version":"1723648344393"}}
{"logTime": "0823/113455", "correlationVector":"BE/HIj7977RwRaebsIa6+a.5","action":"GetUpdates", "result":"DeleteReceived", "context":{"id":"b20c174a-e782-4399-bce1-906824d69bc7", "isDeleted:":"true", "version":"1723652036780"}}
{"logTime": "0823/113455", "correlationVector":"BE/HIj7977RwRaebsIa6+a.6","action":"GetUpdates", "result":"DeleteReceived", "context":{"id":"285e7583-0e69-461c-89b1-66635a369d08", "isDeleted:":"true", "version":"1723711210067"}}
{"logTime": "0823/113455", "correlationVector":"BE/HIj7977RwRaebsIa6+a.7","action":"GetUpdates", "result":"DeleteReceived", "context":{"id":"1d84060e-3704-42e0-8682-74307aa4d973", "isDeleted:":"true", "version":"1723747072685"}}
{"logTime": "0823/113455", "correlationVector":"BE/HIj7977RwRaebsIa6+a.8","action":"GetUpdates", "result":"DeleteReceived", "context":{"id":"a4591315-6eba-45c2-9494-f15266767795", "isDeleted:":"true", "version":"1723747072686"}}
{"logTime": "0823/113455", "correlationVector":"BE/HIj7977RwRaebsIa6+a.9","action":"GetUpdates", "result":"DeleteReceived", "context":{"id":"845c0401-9eac-40c1-af7b-253b6b902278", "isDeleted:":"true", "version":"1723747072687"}}
{"logTime": "0823/113455", "correlationVector":"BE/HIj7977RwRaebsIa6+a.10","action":"GetUpdates", "result":"DeleteReceived", "context":{"id":"dc2a54ec-075c-4193-a409-4bd331c38587", "isDeleted:":"true", "version":"1723753124170"}}
{"logTime": "0823/113455", "correlationVector":"BE/HIj7977RwRaebsIa6+a.11","action":"GetUpdates", "result":"DeleteReceived", "context":{"id":"af479eb7-5c0d-46b3-9b48-218802c5aaaf", "isDeleted:":"true", "version":"1723754314596"}}
{"logTime": "0823/113455", "correlationVector":"BE/HIj7977RwRaebsIa6+a.12","action":"GetUpdates", "result":"DeleteReceived", "context":{"id":"b7ae1c91-9f0b-4c12-96fd-6d297f048e49", "isDeleted:":"true", "version":"1723899165334"}}
{"logTime": "0823/113455", "correlationVector":"BE/HIj7977RwRaebsIa6+a.13","action":"GetUpdates", "result":"DeleteReceived", "context":{"id":"a409b238-c656-4793-9a90-0d1c569fb5df", "isDeleted:":"true", "version":"1723899165335"}}
{"logTime": "0823/113455", "correlationVector":"BE/HIj7977RwRaebsIa6+a.14","action":"GetUpdates", "result":"DeleteReceived", "context":{"id":"8db44651-86bf-46c2-ae11-ee1bdebf3118", "isDeleted:":"true", "version":"1724008743903"}}
{"logTime": "0823/113455", "correlationVector":"BE/HIj7977RwRaebsIa6+a.15","action":"GetUpdates", "result":"DeleteReceived", "context":{"id":"ec249b27-f45c-48c7-bcc8-899ad6ea97a5", "isDeleted:":"true", "version":"1724176084472"}}
{"logTime": "0823/113455", "correlationVector":"BE/HIj7977RwRaebsIa6+a.16","action":"GetUpdates", "result":"DeleteReceived", "context":{"id":"3b8e8b72-50fb-4b3e-8f3c-04416645f9c1", "isDeleted:":"true", "version":"1724298725742"}}
{"logTime": "0823/113455", "correlationVector":"BE/HIj7977RwRaebsIa6+a.17","action":"GetUpdates", "result":"DeleteReceived", "context":{"id":"c5e330d0-941c-402b-b1f2-99aa1bf5786c", "isDeleted:":"true", "version":"1724298803558"}}
{"logTime": "0823/113455", "correlationVector":"BE/HIj7977RwRaebsIa6+a.18","action":"GetUpdates", "result":"DeleteReceived", "context":{"id":"0026c413-0b79-44d5-8659-e36ff860372f", "isDeleted:":"true", "version":"1724298995152"}}
{"logTime": "0823/113455", "correlationVector":"BE/HIj7977RwRaebsIa6+a.19","action":"GetUpdates", "result":"DeleteReceived", "context":{"id":"f977444d-259d-4008-ba79-fd61ca495f13", "isDeleted:":"true", "version":"1724299125758"}}
{"logTime": "0823/113455", "correlationVector":"BE/HIj7977RwRaebsIa6+a.20","action":"GetUpdates", "result":"DeleteReceived", "context":{"id":"24605727-c8a3-4b59-9898-9182c79be925", "isDeleted:":"true", "version":"1724299272507"}}
{"logTime": "0823/113455", "correlationVector":"BE/HIj7977RwRaebsIa6+a.21","action":"GetUpdates", "result":"DeleteReceived", "context":{"id":"fe7b343f-8573-43ec-9065-7db1bb776aa4", "isDeleted:":"true", "version":"1724299579086"}}
{"logTime": "0823/113455", "correlationVector":"BE/HIj7977RwRaebsIa6+a.22","action":"GetUpdates", "result":"DeleteReceived", "context":{"id":"222ca1c2-6db4-4fff-b6e7-47cebf14a14a", "isDeleted:":"true", "version":"1724299733073"}}
{"logTime": "0823/113455", "correlationVector":"BE/HIj7977RwRaebsIa6+a.23","action":"GetUpdates", "result":"DeleteReceived", "context":{"id":"8688dcb2-15f8-4a40-a827-e715127c8f92", "isDeleted:":"true", "version":"1724299777262"}}
{"logTime": "0823/113455", "correlationVector":"BE/HIj7977RwRaebsIa6+a.24","action":"GetUpdates", "result":"DeleteReceived", "context":{"id":"219a637a-0c81-44fd-b903-9b0cbcda3c5a", "isDeleted:":"true", "version":"1724299777263"}}
{"logTime": "0823/113455", "correlationVector":"BE/HIj7977RwRaebsIa6+a.25","action":"GetUpdates", "result":"DeleteReceived", "context":{"id":"0133f075-8622-490a-bccb-cf5408947d60", "isDeleted:":"true", "version":"1724299811483"}}
{"logTime": "0823/113455", "correlationVector":"BE/HIj7977RwRaebsIa6+a.26","action":"GetUpdates", "result":"DeleteReceived", "context":{"id":"6f98a06b-9571-4a9c-abc9-bc89dbff221e", "isDeleted:":"true", "version":"1724299954656"}}
{"logTime": "0823/113455", "correlationVector":"BE/HIj7977RwRaebsIa6+a.27","action":"GetUpdates", "result":"DeleteReceived", "context":{"id":"d4d6e538-878f-4b2a-9798-4c94c94c78b7", "isDeleted:":"true", "version":"1724411935715"}}
{"logTime": "0823/113455", "correlationVector":"BE/HIj7977RwRaebsIa6+a.28","action":"GetUpdates Response", "result":"Success", "context":Received 35 update(s). cV=BE/HIj7977RwRaebsIa6+a.0;server=GENERAL0100000Y;cloudType=Consumer;environment=Prod_SoutheastAsia_000j;migrationStage=NotStarted}
{"logTime": "0823/113455", "correlationVector":"CpGruIPa8kHG/fKjxizqay","action":"Normal GetUpdate request", "result":"", "context":cV=CpGruIPa8kHG/fKjxizqay
Nudged types: Bookmarks, Typed URLs, Sessions, Device Info
Refresh requested types: Bookmarks, Preferences, Passwords, Autofill Profiles, Autofill, Typed URLs, Extensions, Sessions, Extension settings, History Delete Directives, Device Info, User Consents, Send Tab To Self, Web Apps, Collection, Edge E Drop, Edge Hub App Usage, Edge Tab Group, Edge Wallet, Encryption Keys}
{"logTime": "0823/113455", "correlationVector":"CpGruIPa8kHG/fKjxizqay.1","action":"SyncServerConnectionManagerRequest", "result":"SYNC_SERVER_OK", "context":{"environment":"Prod_SoutheastAsia_000j", "migrationStage":"NotStarted", "server":"GENERAL03000000"}}
{"logTime": "0823/113455", "correlationVector":"CpGruIPa8kHG/fKjxizqay.2","action":"GetUpdates Response", "result":"Success", "context":Received 0 update(s). cV=CpGruIPa8kHG/fKjxizqay.0;server=GENERAL03000000;cloudType=Consumer;environment=Prod_SoutheastAsia_000j;migrationStage=NotStarted}
{"logTime": "0823/113455", "correlationVector":"BFL9D61ZuHHLWKyxkz+aps","action":"Commit Request", "result":"", "context":Item count: 5
Contributing types: Bookmarks, Typed URLs, Sessions, Device Info}
{"logTime": "0823/113456", "correlationVector":"BFL9D61ZuHHLWKyxkz+aps.1","action":"SyncServerConnectionManagerRequest", "result":"SYNC_SERVER_OK", "context":{"environment":"Prod_SoutheastAsia_000j", "migrationStage":"NotStarted", "server":"GENERAL0100000O"}}
{"logTime": "0823/113456", "correlationVector":"BFL9D61ZuHHLWKyxkz+aps.2","action":"Commit Response", "result":"Success", "context":Result: Success. cV=BFL9D61ZuHHLWKyxkz+aps.0;server=GENERAL0100000O;cloudType=Consumer;environment=Prod_SoutheastAsia_000j;migrationStage=NotStarted}
{"logTime": "0823/113456", "correlationVector":"3wh/z9jUDtCGRGFfjg4NPe","action":"Normal GetUpdate request", "result":"", "context":cV=3wh/z9jUDtCGRGFfjg4NPe
Nudged types: Typed URLs, Sessions, Device Info}
{"logTime": "0823/113457", "correlationVector":"3wh/z9jUDtCGRGFfjg4NPe.1","action":"SyncServerConnectionManagerRequest", "result":"SYNC_SERVER_OK", "context":{"environment":"Prod_SoutheastAsia_000j", "migrationStage":"NotStarted", "server":"GENERAL0300000M"}}
{"logTime": "0823/113457", "correlationVector":"3wh/z9jUDtCGRGFfjg4NPe.2","action":"GetUpdates Response", "result":"Success", "context":Received 5 update(s). cV=3wh/z9jUDtCGRGFfjg4NPe.0;server=GENERAL0300000M;cloudType=Consumer;environment=Prod_SoutheastAsia_000j;migrationStage=NotStarted}
{"logTime": "0823/113504", "correlationVector":"6RNsAN3JY86C8JUTuZ9XIK","action":"Commit Request", "result":"", "context":Item count: 40
Contributing types: Passwords}
{"logTime": "0823/113506", "correlationVector":"6RNsAN3JY86C8JUTuZ9XIK.1","action":"SyncServerConnectionManagerRequest", "result":"SYNC_SERVER_OK", "context":{"environment":"Prod_SoutheastAsia_000j", "migrationStage":"NotStarted", "server":"GENERAL01000004"}}
{"logTime": "0823/113506", "correlationVector":"6RNsAN3JY86C8JUTuZ9XIK.2","action":"Commit Response", "result":"Success", "context":Result: Success. cV=6RNsAN3JY86C8JUTuZ9XIK.0;server=GENERAL01000004;cloudType=Consumer;environment=Prod_SoutheastAsia_000j;migrationStage=NotStarted}
{"logTime": "0823/113506", "correlationVector":"d+IyClDFGsnJOVN5/Ulvj+","action":"Commit Request", "result":"", "context":Item count: 37
Contributing types: Preferences, Passwords}
{"logTime": "0823/113508", "correlationVector":"d+IyClDFGsnJOVN5/Ulvj+.1","action":"SyncServerConnectionManagerRequest", "result":"SYNC_SERVER_OK", "context":{"environment":"Prod_SoutheastAsia_000j", "migrationStage":"NotStarted", "server":"GENERAL0300001E"}}
{"logTime": "0823/113508", "correlationVector":"d+IyClDFGsnJOVN5/Ulvj+.2","action":"Commit Response", "result":"Success", "context":Result: Success. cV=d+IyClDFGsnJOVN5/Ulvj+.0;server=GENERAL0300001E;cloudType=Consumer;environment=Prod_SoutheastAsia_000j;migrationStage=NotStarted}
{"logTime": "0823/113947", "correlationVector":"EAXyqYo1j0xkwQEtyinWfn","action":"Normal GetUpdate request", "result":"", "context":cV=EAXyqYo1j0xkwQEtyinWfn
Refresh requested types: Bookmarks, Preferences, Passwords, Autofill Profiles, Autofill, Typed URLs, Extensions, Sessions, Extension settings, History Delete Directives, Device Info, User Consents, Send Tab To Self, Web Apps, Collection, Edge E Drop, Edge Hub App Usage, Edge Tab Group, Edge Wallet, Encryption Keys}
{"logTime": "0823/113948", "correlationVector":"EAXyqYo1j0xkwQEtyinWfn.1","action":"SyncServerConnectionManagerRequest", "result":"SYNC_SERVER_OK", "context":{"environment":"Prod_SoutheastAsia_000j", "migrationStage":"NotStarted", "server":"GENERAL0300000X"}}
{"logTime": "0823/113948", "correlationVector":"EAXyqYo1j0xkwQEtyinWfn.2","action":"GetUpdates Response", "result":"Success", "context":Received 77 update(s). cV=EAXyqYo1j0xkwQEtyinWfn.0;server=GENERAL0300000X;cloudType=Consumer;environment=Prod_SoutheastAsia_000j;migrationStage=NotStarted}
{"logTime": "0823/114556", "correlationVector":"QPZ2ozOb5Cy43FnSLOqAA/","action":"Normal GetUpdate request", "result":"", "context":cV=QPZ2ozOb5Cy43FnSLOqAA/
Nudged types: Sessions
Refresh requested types: Bookmarks, Preferences, Passwords, Autofill Profiles, Autofill, Typed URLs, Extensions, Sessions, Extension settings, History Delete Directives, Device Info, User Consents, Send Tab To Self, Web Apps, Collection, Edge E Drop, Edge Hub App Usage, Edge Tab Group, Edge Wallet, Encryption Keys}
{"logTime": "0823/114557", "correlationVector":"QPZ2ozOb5Cy43FnSLOqAA/.1","action":"SyncServerConnectionManagerRequest", "result":"SYNC_SERVER_OK", "context":{"environment":"Prod_SoutheastAsia_000j", "migrationStage":"NotStarted", "server":"GENERAL0300000X"}}
{"logTime": "0823/114557", "correlationVector":"QPZ2ozOb5Cy43FnSLOqAA/.2","action":"GetUpdates Response", "result":"Success", "context":Received 0 update(s). cV=QPZ2ozOb5Cy43FnSLOqAA/.0;server=GENERAL0300000X;cloudType=Consumer;environment=Prod_SoutheastAsia_000j;migrationStage=NotStarted}
{"logTime": "0823/114557", "correlationVector":"/uz2LdhOzw0Xt3eRYFKVdh","action":"Commit Request", "result":"", "context":Item count: 1
Contributing types: Sessions}
{"logTime": "0823/114559", "correlationVector":"/uz2LdhOzw0Xt3eRYFKVdh.1","action":"SyncServerConnectionManagerRequest", "result":"SYNC_SERVER_OK", "context":{"environment":"Prod_SoutheastAsia_000j", "migrationStage":"NotStarted", "server":"general01000016"}}
{"logTime": "0823/114559", "correlationVector":"/uz2LdhOzw0Xt3eRYFKVdh.2","action":"Commit Response", "result":"Success", "context":Result: Success. cV=/uz2LdhOzw0Xt3eRYFKVdh.0;server=general01000016;cloudType=Consumer;environment=Prod_SoutheastAsia_000j;migrationStage=NotStarted}
{"logTime": "0823/115929", "correlationVector":"dk2u/Akfm4X6IIqBvlhZkw","action":"Commit Request", "result":"", "context":Item count: 1
Contributing types: Sessions}
{"logTime": "0823/115930", "correlationVector":"dk2u/Akfm4X6IIqBvlhZkw.1","action":"SyncServerConnectionManagerRequest", "result":"SYNC_SERVER_OK", "context":{"environment":"Prod_SoutheastAsia_000j", "migrationStage":"NotStarted", "server":"GENERAL0300002C"}}
{"logTime": "0823/115930", "correlationVector":"dk2u/Akfm4X6IIqBvlhZkw.2","action":"Commit Response", "result":"Success", "context":Result: Success. cV=dk2u/Akfm4X6IIqBvlhZkw.0;server=GENERAL0300002C;cloudType=Consumer;environment=Prod_SoutheastAsia_000j;migrationStage=NotStarted}
